<?xml version="1.0" encoding="utf-8"?><testsuites name="pytest tests"><testsuite name="pytest" errors="0" failures="0" skipped="0" tests="16" time="64.370" timestamp="2026-04-02T20:18:12.027784+00:00" hostname="agent-env-53de7e17-7909-4440-a393-b7597685a3c1"><testcase classname="backend.tests.test_admin_analytics_ux.TestAnalyticsFiltered" name="test_analytics_filtered_requires_admin_key" time="11.998" /><testcase classname="backend.tests.test_admin_analytics_ux.TestAnalyticsFiltered" name="test_analytics_filtered_invalid_admin_key" time="11.812" /><testcase classname="backend.tests.test_admin_analytics_ux.TestAnalyticsFiltered" name="test_analytics_filtered_today" time="7.717" /><testcase classname="backend.tests.test_admin_analytics_ux.TestAnalyticsFiltered" name="test_analytics_filtered_7d" time="0.146" /><testcase classname="backend.tests.test_admin_analytics_ux.TestAnalyticsFiltered" name="test_analytics_filtered_30d" time="20.616" /><testcase classname="backend.tests.test_admin_analytics_ux.TestAnalyticsFiltered" name="test_analytics_filtered_invalid_range" time="10.544" /><testcase classname="backend.tests.test_admin_analytics_ux.TestMRRTrends" name="test_mrr_trends_requires_admin_key" time="0.145" /><testcase classname="backend.tests.test_admin_analytics_ux.TestMRRTrends" name="test_mrr_trends_invalid_admin_key" time="0.293" /><testcase classname="backend.tests.test_admin_analytics_ux.TestMRRTrends" name="test_mrr_trends_returns_30_days" time="0.175" /><testcase classname="backend.tests.test_admin_analytics_ux.TestMRRTrends" name="test_mrr_trends_data_structure" time="0.132" /><testcase classname="backend.tests.test_admin_analytics_ux.TestSignalHistory" name="test_signal_history_requires_admin_key" time="0.126" /><testcase classname="backend.tests.test_admin_analytics_ux.TestSignalHistory" name="test_signal_history_invalid_admin_key" time="0.114" /><testcase classname="backend.tests.test_admin_analytics_ux.TestSignalHistory" name="test_signal_history_returns_30_days" time="0.116" /><testcase classname="backend.tests.test_admin_analytics_ux.TestSignalHistory" name="test_signal_history_data_structure" time="0.095" /><testcase classname="backend.tests.test_admin_analytics_ux.TestExistingEndpoints" name="test_analytics_summary_still_works" time="0.128" /><testcase classname="backend.tests.test_admin_analytics_ux.TestExistingEndpoints" name="test_admin_dashboard_still_works" time="0.132" /></testsuite></testsuites>