<?xml version="1.0" encoding="utf-8"?><testsuites name="pytest tests"><testsuite name="pytest" errors="0" failures="0" skipped="0" tests="11" time="30.632" timestamp="2026-04-01T16:38:20.543731+00:00" hostname="agent-env-09c5a96a-7174-4a67-8b1c-cb8b1c13bdc8"><testcase classname="backend.tests.test_admin_demo_mode.TestDemoModeEndpoints" name="test_get_demo_mode_returns_status" time="28.121" /><testcase classname="backend.tests.test_admin_demo_mode.TestDemoModeEndpoints" name="test_get_demo_mode_requires_admin_key" time="0.133" /><testcase classname="backend.tests.test_admin_demo_mode.TestDemoModeEndpoints" name="test_toggle_demo_mode_on" time="0.141" /><testcase classname="backend.tests.test_admin_demo_mode.TestDemoModeEndpoints" name="test_toggle_demo_mode_off" time="0.109" /><testcase classname="backend.tests.test_admin_demo_mode.TestDemoModeEndpoints" name="test_toggle_demo_mode_requires_admin_key" time="0.101" /><testcase classname="backend.tests.test_admin_demo_mode.TestAnalyticsSummaryEndpoints" name="test_analytics_summary_demo_mode_on" time="0.232" /><testcase classname="backend.tests.test_admin_demo_mode.TestAnalyticsSummaryEndpoints" name="test_analytics_summary_demo_mode_off" time="0.306" /><testcase classname="backend.tests.test_admin_demo_mode.TestAnalyticsSummaryEndpoints" name="test_analytics_summary_requires_admin_key" time="0.138" /><testcase classname="backend.tests.test_admin_demo_mode.TestTrackEndpoint" name="test_track_event_records_event" time="0.096" /><testcase classname="backend.tests.test_admin_demo_mode.TestTrackEndpoint" name="test_track_event_with_different_types" time="0.478" /><testcase classname="backend.tests.test_admin_demo_mode.TestDemoModeTogglePersistence" name="test_demo_mode_toggle_persists" time="0.717" /></testsuite></testsuites>