<?xml version="1.0" encoding="utf-8"?><testsuites name="pytest tests"><testsuite name="pytest" errors="0" failures="0" skipped="0" tests="23" time="5.878" timestamp="2026-03-29T12:58:57.281308+00:00" hostname="agent-env-044a6354-87b5-444f-b126-cad4f300f93b"><testcase classname="tests.test_admin_websocket_streaming.TestStreamStatusEndpoint" name="test_stream_status_with_valid_admin_key" time="0.171" /><testcase classname="tests.test_admin_websocket_streaming.TestStreamStatusEndpoint" name="test_stream_status_with_wrong_admin_key" time="0.119" /><testcase classname="tests.test_admin_websocket_streaming.TestWebSocketConnection" name="test_ws_connect_with_valid_admin_key" time="0.179" /><testcase classname="tests.test_admin_websocket_streaming.TestWebSocketConnection" name="test_ws_connect_with_demo_only_filter" time="0.172" /><testcase classname="tests.test_admin_websocket_streaming.TestWebSocketConnection" name="test_ws_reject_without_admin_key" time="0.131" /><testcase classname="tests.test_admin_websocket_streaming.TestWebSocketConnection" name="test_ws_reject_with_wrong_admin_key" time="0.136" /><testcase classname="tests.test_admin_websocket_streaming.TestWebSocketConnection" name="test_ws_ping_pong" time="0.213" /><testcase classname="tests.test_admin_websocket_streaming.TestWebSocketEventBroadcast" name="test_ws_receives_posted_event" time="0.268" /><testcase classname="tests.test_admin_websocket_streaming.TestWebSocketEventBroadcast" name="test_multiple_ws_clients_receive_same_event" time="0.449" /><testcase classname="tests.test_admin_websocket_streaming.TestWebSocketEventBroadcast" name="test_demo_only_filter_receives_demo_events" time="0.290" /><testcase classname="tests.test_admin_websocket_streaming.TestPostEventsEndpoint" name="test_post_event_various_types" time="1.272" /><testcase classname="tests.test_traffic_analytics.TestTrafficEventsEndpoint" name="test_post_event_anonymous" time="0.224" /><testcase classname="tests.test_traffic_analytics.TestTrafficEventsEndpoint" name="test_post_event_with_auth" time="0.537" /><testcase classname="tests.test_traffic_analytics.TestTrafficEventsEndpoint" name="test_post_event_demo_mode_tagging" time="0.215" /><testcase classname="tests.test_traffic_analytics.TestTrafficSummaryEndpoint" name="test_summary_with_valid_admin_key" time="0.108" /><testcase classname="tests.test_traffic_analytics.TestTrafficSummaryEndpoint" name="test_summary_with_wrong_admin_key" time="0.114" /><testcase classname="tests.test_traffic_analytics.TestTrafficSummaryEndpoint" name="test_summary_different_ranges" time="0.349" /><testcase classname="tests.test_traffic_analytics.TestTrafficTimeseriesEndpoint" name="test_timeseries_with_valid_admin_key" time="0.105" /><testcase classname="tests.test_traffic_analytics.TestTrafficTimeseriesEndpoint" name="test_timeseries_with_wrong_admin_key" time="0.121" /><testcase classname="tests.test_traffic_analytics.TestTrafficEventsListEndpoint" name="test_events_with_valid_admin_key" time="0.101" /><testcase classname="tests.test_traffic_analytics.TestTrafficEventsListEndpoint" name="test_events_with_type_filter" time="0.223" /><testcase classname="tests.test_traffic_analytics.TestTrafficEventsListEndpoint" name="test_events_with_wrong_admin_key" time="0.099" /><testcase classname="tests.test_traffic_analytics.TestTrafficEventsListEndpoint" name="test_events_pagination" time="0.215" /></testsuite></testsuites>