<?xml version="1.0" encoding="utf-8"?><testsuites name="pytest tests"><testsuite name="pytest" errors="0" failures="0" skipped="0" tests="10" time="2.096" timestamp="2026-04-06T11:47:07.860847+00:00" hostname="agent-env-1d58541f-01ac-4bf4-a87f-11b666ffbbdc"><testcase classname="backend.tests.test_admin_login_feature.TestAdminLoginFeature" name="test_admin_login_returns_admin_role" time="0.229" /><testcase classname="backend.tests.test_admin_login_feature.TestAdminLoginFeature" name="test_admin_login_returns_elite_tier" time="0.229" /><testcase classname="backend.tests.test_admin_login_feature.TestAdminLoginFeature" name="test_admin_login_returns_is_pro_true" time="0.226" /><testcase classname="backend.tests.test_admin_login_feature.TestAdminLoginFeature" name="test_admin_login_returns_is_elite_true" time="0.226" /><testcase classname="backend.tests.test_admin_login_feature.TestAdminLoginFeature" name="test_admin_login_returns_tokens" time="0.226" /><testcase classname="backend.tests.test_admin_login_feature.TestAdminLoginFeature" name="test_normal_user_login_returns_user_role" time="0.226" /><testcase classname="backend.tests.test_admin_login_feature.TestAdminLoginFeature" name="test_normal_user_not_auto_elevated_to_elite" time="0.226" /><testcase classname="backend.tests.test_admin_login_feature.TestAdminLoginFeature" name="test_admin_me_endpoint_returns_admin_data" time="0.228" /><testcase classname="backend.tests.test_admin_login_feature.TestInvalidLogin" name="test_invalid_password_returns_401" time="0.224" /><testcase classname="backend.tests.test_admin_login_feature.TestInvalidLogin" name="test_invalid_email_returns_401" time="0.003" /></testsuite></testsuites>