<?xml version="1.0" encoding="utf-8"?><testsuites name="pytest tests"><testsuite name="pytest" errors="0" failures="0" skipped="0" tests="23" time="31.632" timestamp="2026-04-04T11:05:08.206914+00:00" hostname="agent-env-53de7e17-7909-4440-a393-b7597685a3c1"><testcase classname="backend.tests.test_affiliate_program.TestReferralValidateEndpoint" name="test_validate_by_referral_code" time="17.442" /><testcase classname="backend.tests.test_affiliate_program.TestReferralValidateEndpoint" name="test_validate_by_user_id" time="11.846" /><testcase classname="backend.tests.test_affiliate_program.TestReferralValidateEndpoint" name="test_validate_invalid_code" time="0.046" /><testcase classname="backend.tests.test_affiliate_program.TestReferralValidateCodeEndpoint" name="test_validate_code_valid" time="0.044" /><testcase classname="backend.tests.test_affiliate_program.TestReferralValidateCodeEndpoint" name="test_validate_code_invalid" time="0.042" /><testcase classname="backend.tests.test_affiliate_program.TestTrackClickEndpoint" name="test_track_click_valid_code" time="0.045" /><testcase classname="backend.tests.test_affiliate_program.TestTrackClickEndpoint" name="test_track_click_invalid_code" time="0.042" /><testcase classname="backend.tests.test_affiliate_program.TestUserReferralStats" name="test_get_referral_stats" time="0.119" /><testcase classname="backend.tests.test_affiliate_program.TestUserReferralStats" name="test_get_referral_activity" time="0.044" /><testcase classname="backend.tests.test_affiliate_program.TestUserReferralStats" name="test_stats_requires_auth" time="0.099" /><testcase classname="backend.tests.test_affiliate_program.TestAdminReferralEndpoints" name="test_admin_summary_with_key" time="0.047" /><testcase classname="backend.tests.test_affiliate_program.TestAdminReferralEndpoints" name="test_admin_summary_without_key" time="0.050" /><testcase classname="backend.tests.test_affiliate_program.TestAdminReferralEndpoints" name="test_admin_summary_invalid_key" time="0.043" /><testcase classname="backend.tests.test_affiliate_program.TestAdminReferralEndpoints" name="test_admin_events_7d" time="0.046" /><testcase classname="backend.tests.test_affiliate_program.TestAdminReferralEndpoints" name="test_admin_events_today" time="0.044" /><testcase classname="backend.tests.test_affiliate_program.TestAdminReferralEndpoints" name="test_admin_events_30d" time="0.045" /><testcase classname="backend.tests.test_affiliate_program.TestAdminReferralEndpoints" name="test_admin_events_without_key" time="0.041" /><testcase classname="backend.tests.test_affiliate_program.TestSignupWithReferral" name="test_register_with_valid_ref_code" time="0.273" /><testcase classname="backend.tests.test_affiliate_program.TestSignupWithReferral" name="test_register_with_invalid_ref_code" time="0.273" /><testcase classname="backend.tests.test_affiliate_program.TestSignupWithReferral" name="test_register_without_ref_code" time="0.274" /><testcase classname="backend.tests.test_affiliate_program.TestExistingAuthFlows" name="test_login_existing_user" time="0.265" /><testcase classname="backend.tests.test_affiliate_program.TestExistingAuthFlows" name="test_login_admin_user" time="0.266" /><testcase classname="backend.tests.test_affiliate_program.TestAntifraudMeasures" name="test_no_duplicate_referrals" time="0.095" /></testsuite></testsuites>