<?xml version="1.0" encoding="utf-8"?><testsuites name="pytest tests"><testsuite name="pytest" errors="0" failures="1" skipped="0" tests="16" time="60.016" timestamp="2026-03-22T18:41:15.190879+00:00" hostname="agent-env-0aeb79ea-abfd-4801-89ce-41782f1e94d4"><testcase classname="tests.test_ai_signal_intelligence.TestSignalIntelligenceBackend" name="test_free_signals_endpoint_returns_signals" time="28.266" /><testcase classname="tests.test_ai_signal_intelligence.TestSignalIntelligenceBackend" name="test_pro_signals_endpoint_returns_realtime_signals" time="0.166" /><testcase classname="tests.test_ai_signal_intelligence.TestSignalIntelligenceBackend" name="test_pro_signals_have_ai_explanations" time="29.602" /><testcase classname="tests.test_ai_signal_intelligence.TestSignalIntelligenceBackend" name="test_trend_analysis_structure" time="0.160" /><testcase classname="tests.test_ai_signal_intelligence.TestSignalIntelligenceBackend" name="test_market_sentiment_structure" time="0.132" /><testcase classname="tests.test_ai_signal_intelligence.TestSignalIntelligenceBackend" name="test_key_indicators_structure" time="0.165" /><testcase classname="tests.test_ai_signal_intelligence.TestSignalIntelligenceBackend" name="test_risk_level_values" time="0.098" /><testcase classname="tests.test_ai_signal_intelligence.TestSignalIntelligenceBackend" name="test_confidence_factors_and_catalysts" time="0.118" /><testcase classname="tests.test_ai_signal_intelligence.TestSignalIntelligenceBackend" name="test_suggested_action_present" time="0.110" /><testcase classname="tests.test_ai_signal_intelligence.TestSignalIntelligenceBackend" name="test_free_vs_pro_signal_delay" time="0.191" /><testcase classname="tests.test_ai_signal_intelligence.TestSignalIntelligenceBackend" name="test_all_crypto_symbols_have_signals" time="0.102" /><testcase classname="tests.test_ai_signal_intelligence.TestSignalIntelligenceBackend" name="test_signal_types_are_valid" time="0.107" /><testcase classname="tests.test_ai_signal_intelligence.TestSignalIntelligenceBackend" name="test_confidence_range" time="0.101" /><testcase classname="tests.test_ai_signal_intelligence.TestSignalIntelligenceService" name="test_signal_generation_endpoint" time="0.141" /><testcase classname="tests.test_ai_signal_intelligence.TestSubscriptionTierAccess" name="test_subscription_tier_endpoint" time="0.104" /><testcase classname="tests.test_ai_signal_intelligence.TestSubscriptionTierAccess" name="test_free_user_tier" time="0.339"><failure message="AssertionError: Unknown wallet should get 'free' tier, got unregistered&#10;assert 'unregistered' == 'free'&#10;  &#10;  - free&#10;  + unregistered">tests/test_ai_signal_intelligence.py:396: in test_free_user_tier
    assert data["tier"] == "free", f"Unknown wallet should get 'free' tier, got {data['tier']}"
E   AssertionError: Unknown wallet should get 'free' tier, got unregistered
E   assert 'unregistered' == 'free'
E     
E     - free
E     + unregistered</failure></testcase></testsuite></testsuites>