<?xml version="1.0" encoding="utf-8"?><testsuites name="pytest tests"><testsuite name="pytest" errors="0" failures="0" skipped="0" tests="9" time="55.527" timestamp="2026-03-29T13:30:35.933895+00:00" hostname="agent-env-044a6354-87b5-444f-b126-cad4f300f93b"><testcase classname="backend.tests.test_alerting_system.TestActiveAlertsEndpoint" name="test_active_alerts_with_valid_admin_key" time="8.676" /><testcase classname="backend.tests.test_alerting_system.TestActiveAlertsEndpoint" name="test_active_alerts_with_wrong_admin_key" time="0.147" /><testcase classname="backend.tests.test_alerting_system.TestErrorEventStorage" name="test_post_error_event_stores_in_traffic_events" time="26.730" /><testcase classname="backend.tests.test_alerting_system.TestAlertEventsRetrieval" name="test_get_alert_events_with_type_filter" time="0.148" /><testcase classname="backend.tests.test_alerting_system.TestAlertEventStructure" name="test_alert_event_has_correct_structure" time="0.107" /><testcase classname="backend.tests.test_alerting_system.TestErrorSpikeAlertTrigger" name="test_error_spike_alert_triggered_by_12_errors" time="9.703" /><testcase classname="backend.tests.test_alerting_system.TestRuleEngineCooldown" name="test_duplicate_error_spike_not_emitted_within_cooldown" time="9.604" /><testcase classname="backend.tests.test_alerting_system.TestTrafficSummaryStillWorks" name="test_summary_returns_all_metric_fields" time="0.111" /><testcase classname="backend.tests.test_alerting_system.TestDemoModeEmailSuppression" name="test_demo_mode_events_have_demo_flag" time="0.219" /></testsuite></testsuites>