<?xml version="1.0" encoding="utf-8"?><testsuites name="pytest tests"><testsuite name="pytest" errors="0" failures="0" skipped="0" tests="26" time="12.306" timestamp="2026-03-21T13:53:04.701405+00:00" hostname="agent-env-ab4b1a4f-0d03-4663-befe-75c2e74697b2"><testcase classname="backend.tests.test_auth_api.TestAuthRegistration" name="test_register_new_user" time="0.363" /><testcase classname="backend.tests.test_auth_api.TestAuthRegistration" name="test_register_duplicate_email" time="0.429" /><testcase classname="backend.tests.test_auth_api.TestAuthRegistration" name="test_register_invalid_email" time="0.098" /><testcase classname="backend.tests.test_auth_api.TestAuthRegistration" name="test_register_short_password" time="0.101" /><testcase classname="backend.tests.test_auth_api.TestAuthLogin" name="test_login_success" time="0.647" /><testcase classname="backend.tests.test_auth_api.TestAuthLogin" name="test_login_wrong_password" time="0.660" /><testcase classname="backend.tests.test_auth_api.TestAuthLogin" name="test_login_nonexistent_user" time="0.426" /><testcase classname="backend.tests.test_auth_api.TestTokenRefresh" name="test_refresh_token_success" time="1.441" /><testcase classname="backend.tests.test_auth_api.TestTokenRefresh" name="test_refresh_invalid_token" time="0.442" /><testcase classname="backend.tests.test_auth_api.TestGetCurrentUser" name="test_get_me_success" time="0.430" /><testcase classname="backend.tests.test_auth_api.TestGetCurrentUser" name="test_get_me_no_token" time="0.440" /><testcase classname="backend.tests.test_auth_api.TestGetCurrentUser" name="test_get_me_invalid_token" time="0.434" /><testcase classname="backend.tests.test_auth_api.TestPasswordReset" name="test_forgot_password_existing_user" time="0.428" /><testcase classname="backend.tests.test_auth_api.TestPasswordReset" name="test_forgot_password_nonexistent_user" time="0.412" /><testcase classname="backend.tests.test_auth_api.TestPasswordReset" name="test_reset_password_invalid_token" time="0.417" /><testcase classname="backend.tests.test_auth_api.TestEmailVerification" name="test_verify_email_invalid_token" time="0.104" /><testcase classname="backend.tests.test_auth_api.TestTwoFactorAuth" name="test_enable_2fa" time="0.443" /><testcase classname="backend.tests.test_auth_api.TestTwoFactorAuth" name="test_enable_2fa_no_auth" time="0.460" /><testcase classname="backend.tests.test_auth_api.TestTwoFactorAuth" name="test_verify_2fa_invalid_code" time="0.549" /><testcase classname="backend.tests.test_auth_api.TestTwoFactorAuth" name="test_disable_2fa_not_enabled" time="0.438" /><testcase classname="backend.tests.test_auth_api.TestLinkWallet" name="test_link_wallet_success" time="0.515" /><testcase classname="backend.tests.test_auth_api.TestLinkWallet" name="test_link_wallet_no_auth" time="0.431" /><testcase classname="backend.tests.test_auth_api.TestWebSocketStatus" name="test_ws_status" time="0.119" /><testcase classname="backend.tests.test_auth_api.TestLogout" name="test_logout_success" time="0.444" /><testcase classname="backend.tests.test_auth_api.TestLogout" name="test_logout_no_auth" time="0.423" /><testcase classname="backend.tests.test_auth_api.TestEndToEndAuthFlow" name="test_full_auth_flow" time="1.099" /></testsuite></testsuites>