<?xml version="1.0" encoding="utf-8"?><testsuites name="pytest tests"><testsuite name="pytest" errors="0" failures="1" skipped="0" tests="10" time="35.586" timestamp="2026-03-29T10:14:58.439387+00:00" hostname="agent-env-7f8bba96-e060-4c23-b883-835efab2cdfc"><testcase classname="tests.test_backtest_coingecko.TestSimulationBacktest" name="test_backtest_btc_momentum_real_data" time="2.455" /><testcase classname="tests.test_backtest_coingecko.TestSimulationBacktest" name="test_backtest_demo_mode_returns_mock" time="11.475" /><testcase classname="tests.test_backtest_coingecko.TestSimulationBacktest" name="test_backtest_eth_usdt" time="20.579" /><testcase classname="tests.test_backtest_coingecko.TestSimulationBacktest" name="test_backtest_sol_usdt" time="0.224" /><testcase classname="tests.test_backtest_coingecko.TestSimulationBacktest" name="test_backtest_mean_reversion_strategy" time="0.095" /><testcase classname="tests.test_backtest_coingecko.TestSimulationBacktest" name="test_backtest_breakout_strategy" time="0.102" /><testcase classname="tests.test_backtest_coingecko.TestSimulationBacktest" name="test_backtest_response_structure" time="0.146" /><testcase classname="tests.test_backtest_coingecko.TestStrategyLabBacktest" name="test_generate_and_backtest_strategy" time="0.099"><failure message="AssertionError: Generate failed: Internal Server Error&#10;assert 500 == 200&#10; +  where 500 = &lt;Response [500]&gt;.status_code">tests/test_backtest_coingecko.py:192: in test_generate_and_backtest_strategy
    assert gen_response.status_code == 200, f"Generate failed: {gen_response.text}"
E   AssertionError: Generate failed: Internal Server Error
E   assert 500 == 200
E    +  where 500 = &lt;Response [500]&gt;.status_code</failure></testcase><testcase classname="tests.test_backtest_coingecko.TestMarketDataService" name="test_backtest_with_short_period" time="0.200" /><testcase classname="tests.test_backtest_coingecko.TestMarketDataService" name="test_backtest_with_custom_capital" time="0.124" /></testsuite></testsuites>