<?xml version="1.0" encoding="utf-8"?><testsuites name="pytest tests"><testsuite name="pytest" errors="0" failures="0" skipped="0" tests="9" time="28.093" timestamp="2026-03-30T18:01:18.287795+00:00" hostname="agent-env-d83fb23d-8a2c-4a16-b26d-665d377aab24"><testcase classname="backend.tests.test_beta_spots.TestBetaSpotsEndpoint" name="test_beta_spots_endpoint_returns_200" time="15.793" /><testcase classname="backend.tests.test_beta_spots.TestBetaSpotsEndpoint" name="test_beta_spots_returns_correct_json_structure" time="10.265" /><testcase classname="backend.tests.test_beta_spots.TestBetaSpotsEndpoint" name="test_beta_spots_total_is_50" time="0.189" /><testcase classname="backend.tests.test_beta_spots.TestBetaSpotsEndpoint" name="test_beta_spots_remaining_calculation" time="0.114" /><testcase classname="backend.tests.test_beta_spots.TestBetaSpotsEndpoint" name="test_beta_spots_used_is_non_negative" time="0.173" /><testcase classname="backend.tests.test_beta_spots.TestRegistrationSetsBetaTester" name="test_registration_increases_beta_spots_used" time="0.794" /><testcase classname="backend.tests.test_beta_spots.TestRegistrationSetsBetaTester" name="test_registration_returns_user_with_is_beta_tester" time="0.362" /><testcase classname="backend.tests.test_beta_spots.TestBetaSpotsEdgeCases" name="test_beta_spots_endpoint_is_public" time="0.158" /><testcase classname="backend.tests.test_beta_spots.TestBetaSpotsEdgeCases" name="test_beta_spots_remaining_never_negative" time="0.184" /></testsuite></testsuites>