<?xml version="1.0" encoding="utf-8"?><testsuites name="pytest tests"><testsuite name="pytest" errors="0" failures="0" skipped="0" tests="11" time="57.024" timestamp="2026-04-02T20:02:48.689156+00:00" hostname="agent-env-53de7e17-7909-4440-a393-b7597685a3c1"><testcase classname="backend.tests.test_billing_portal.TestBillingPortalEndpoint" name="test_portal_requires_authentication" time="15.318" /><testcase classname="backend.tests.test_billing_portal.TestBillingPortalEndpoint" name="test_portal_requires_return_url" time="24.395" /><testcase classname="backend.tests.test_billing_portal.TestBillingPortalEndpoint" name="test_portal_creates_session_for_pro_user" time="13.485" /><testcase classname="backend.tests.test_billing_portal.TestBillingPortalEndpoint" name="test_portal_creates_session_for_free_user" time="0.792" /><testcase classname="backend.tests.test_billing_portal.TestBillingPortalEndpoint" name="test_portal_reuses_existing_stripe_customer" time="2.641" /><testcase classname="backend.tests.test_billing_portal.TestExistingBillingEndpoints" name="test_overview_endpoint_works" time="0.058" /><testcase classname="backend.tests.test_billing_portal.TestExistingBillingEndpoints" name="test_subscriptions_endpoint_works" time="0.062" /><testcase classname="backend.tests.test_billing_portal.TestExistingBillingEndpoints" name="test_payments_endpoint_works" time="0.061" /><testcase classname="backend.tests.test_billing_portal.TestExistingBillingEndpoints" name="test_overview_requires_auth" time="0.049" /><testcase classname="backend.tests.test_billing_portal.TestExistingBillingEndpoints" name="test_subscriptions_requires_auth" time="0.050" /><testcase classname="backend.tests.test_billing_portal.TestExistingBillingEndpoints" name="test_payments_requires_auth" time="0.047" /></testsuite></testsuites>