<?xml version="1.0" encoding="utf-8"?><testsuites name="pytest tests"><testsuite name="pytest" errors="0" failures="0" skipped="0" tests="14" time="33.252" timestamp="2026-04-02T19:43:13.377942+00:00" hostname="agent-env-53de7e17-7909-4440-a393-b7597685a3c1"><testcase classname="backend.tests.test_billing_tracking.TestBillingOverview" name="test_billing_overview_returns_correct_fields" time="31.035" /><testcase classname="backend.tests.test_billing_tracking.TestBillingOverview" name="test_billing_overview_requires_auth" time="0.172" /><testcase classname="backend.tests.test_billing_tracking.TestBillingOverview" name="test_billing_overview_free_user" time="0.473" /><testcase classname="backend.tests.test_billing_tracking.TestBillingSubscriptions" name="test_billing_subscriptions_returns_correct_structure" time="0.110" /><testcase classname="backend.tests.test_billing_tracking.TestBillingSubscriptions" name="test_billing_subscriptions_requires_auth" time="0.110" /><testcase classname="backend.tests.test_billing_tracking.TestBillingSubscriptions" name="test_billing_subscriptions_active_have_strategy_details" time="0.156" /><testcase classname="backend.tests.test_billing_tracking.TestBillingPayments" name="test_billing_payments_returns_correct_structure" time="0.125" /><testcase classname="backend.tests.test_billing_tracking.TestBillingPayments" name="test_billing_payments_requires_auth" time="0.098" /><testcase classname="backend.tests.test_billing_tracking.TestTrackingEndpoint" name="test_track_page_view_event" time="0.112" /><testcase classname="backend.tests.test_billing_tracking.TestTrackingEndpoint" name="test_track_api_call_event" time="0.136" /><testcase classname="backend.tests.test_billing_tracking.TestTrackingEndpoint" name="test_track_custom_event" time="0.147" /><testcase classname="backend.tests.test_billing_tracking.TestTrackingEndpoint" name="test_track_minimal_payload" time="0.144" /><testcase classname="backend.tests.test_billing_tracking.TestBillingIntegration" name="test_overview_matches_subscriptions_count" time="0.228" /><testcase classname="backend.tests.test_billing_tracking.TestBillingIntegration" name="test_monthly_cost_calculation" time="0.124" /></testsuite></testsuites>