<?xml version="1.0" encoding="utf-8"?><testsuites name="pytest tests"><testsuite name="pytest" errors="0" failures="0" skipped="0" tests="22" time="116.677" timestamp="2026-03-27T15:01:22.023176+00:00" hostname="agent-env-58921f6c-e4de-4425-97fa-7633d7f411a5"><testcase classname="tests.test_copy_trading_api.TestCopyTradingAuth" name="test_login_pro_user" time="16.900" /><testcase classname="tests.test_copy_trading_api.TestCopyTradingAuth" name="test_get_following_requires_auth" time="14.018" /><testcase classname="tests.test_copy_trading_api.TestCopyTradingAuth" name="test_get_followers_requires_auth" time="0.167" /><testcase classname="tests.test_copy_trading_api.TestCopyTradingAuth" name="test_get_pending_requires_auth" time="41.928" /><testcase classname="tests.test_copy_trading_api.TestCopyTradingAuth" name="test_follow_requires_auth" time="13.216" /><testcase classname="tests.test_copy_trading_api.TestCopyTradingFollowing" name="test_get_following_list" time="25.663" /><testcase classname="tests.test_copy_trading_api.TestCopyTradingFollowing" name="test_get_followers_list" time="0.197" /><testcase classname="tests.test_copy_trading_api.TestCopyTradingFollowing" name="test_get_pending_trades" time="0.145" /><testcase classname="tests.test_copy_trading_api.TestCopyTradingFollowing" name="test_cannot_follow_self" time="0.245" /><testcase classname="tests.test_copy_trading_api.TestCopyTradingFollowing" name="test_follow_trader_duplicate_prevention" time="0.308" /><testcase classname="tests.test_copy_trading_api.TestCopyTradingFollowing" name="test_allocation_validation" time="0.244" /><testcase classname="tests.test_copy_trading_api.TestCopyTradingSettings" name="test_update_settings_mode" time="0.699" /><testcase classname="tests.test_copy_trading_api.TestCopyTradingSettings" name="test_update_settings_allocation" time="0.343" /><testcase classname="tests.test_copy_trading_api.TestCopyTradingSettings" name="test_update_settings_max_per_trade" time="0.376" /><testcase classname="tests.test_copy_trading_api.TestCopyTradingSettings" name="test_update_settings_pause_resume" time="0.320" /><testcase classname="tests.test_copy_trading_api.TestCopyTradingSettings" name="test_update_settings_invalid_relationship" time="0.111" /><testcase classname="tests.test_copy_trading_api.TestCopyTradingUnfollow" name="test_unfollow_invalid_relationship" time="0.463" /><testcase classname="tests.test_copy_trading_api.TestCopyTradingApproveReject" name="test_approve_invalid_trade" time="0.448" /><testcase classname="tests.test_copy_trading_api.TestCopyTradingApproveReject" name="test_reject_invalid_trade" time="0.117" /><testcase classname="tests.test_copy_trading_api.TestCopyTradingDataIntegrity" name="test_following_response_structure" time="0.447" /><testcase classname="tests.test_copy_trading_api.TestCopyTradingDataIntegrity" name="test_followers_response_structure" time="0.112" /><testcase classname="tests.test_copy_trading_api.TestCopyTradingDataIntegrity" name="test_pending_response_structure" time="0.103" /></testsuite></testsuites>