<?xml version="1.0" encoding="utf-8"?><testsuites name="pytest tests"><testsuite name="pytest" errors="0" failures="0" skipped="0" tests="15" time="34.579" timestamp="2026-03-29T01:16:29.268832+00:00" hostname="agent-env-735c0767-6079-42cc-8374-4c52bf37f50a"><testcase classname="backend.tests.test_dashboard_pages.TestSimulationEndpoints" name="test_simulation_stats" time="32.328" /><testcase classname="backend.tests.test_dashboard_pages.TestSimulationEndpoints" name="test_simulation_config" time="0.293" /><testcase classname="backend.tests.test_dashboard_pages.TestAgentsEndpoints" name="test_agents_list" time="0.116" /><testcase classname="backend.tests.test_dashboard_pages.TestEventAgentsEndpoints" name="test_event_agents_list" time="0.111" /><testcase classname="backend.tests.test_dashboard_pages.TestEventAgentsEndpoints" name="test_recent_events" time="0.120" /><testcase classname="backend.tests.test_dashboard_pages.TestStrategyLabEndpoints" name="test_strategies_list" time="0.130" /><testcase classname="backend.tests.test_dashboard_pages.TestMarketplaceEndpoints" name="test_marketplace_items" time="0.121" /><testcase classname="backend.tests.test_dashboard_pages.TestResearchEndpoints" name="test_research_reports" time="0.112" /><testcase classname="backend.tests.test_dashboard_pages.TestResearchEndpoints" name="test_research_metrics" time="0.126" /><testcase classname="backend.tests.test_dashboard_pages.TestReferralEndpoints" name="test_referral_stats_unauthenticated" time="0.102" /><testcase classname="backend.tests.test_dashboard_pages.TestAnalyticsEndpoints" name="test_analytics_summary" time="0.126" /><testcase classname="backend.tests.test_dashboard_pages.TestAdminAnalyticsEndpoints" name="test_admin_analytics_with_key" time="0.111" /><testcase classname="backend.tests.test_dashboard_pages.TestAdminAnalyticsEndpoints" name="test_admin_analytics_periods" time="0.470" /><testcase classname="backend.tests.test_dashboard_pages.TestAdminAnalyticsEndpoints" name="test_admin_analytics_without_key" time="0.130" /><testcase classname="backend.tests.test_dashboard_pages.TestAdminAnalyticsEndpoints" name="test_admin_analytics_wrong_key" time="0.109" /></testsuite></testsuites>