<?xml version="1.0" encoding="utf-8"?><testsuites name="pytest tests"><testsuite name="pytest" errors="0" failures="0" skipped="0" tests="12" time="36.532" timestamp="2026-03-31T18:55:00.257358+00:00" hostname="agent-env-d83fb23d-8a2c-4a16-b26d-665d377aab24"><testcase classname="backend.tests.test_exchange_integration.TestExchangeEndpointsAuth" name="test_exchange_status_requires_auth" time="21.531" /><testcase classname="backend.tests.test_exchange_integration.TestExchangeEndpointsAuth" name="test_exchange_connect_requires_auth" time="11.502" /><testcase classname="backend.tests.test_exchange_integration.TestExchangeEndpointsAuth" name="test_exchange_disconnect_requires_auth" time="0.188" /><testcase classname="backend.tests.test_exchange_integration.TestExchangeEndpointsAuth" name="test_exchange_validate_requires_auth" time="0.190" /><testcase classname="backend.tests.test_exchange_integration.TestExchangeStatusEndpoint" name="test_exchange_status_returns_connected_false_for_new_user" time="0.487" /><testcase classname="backend.tests.test_exchange_integration.TestExchangeConnectEndpoint" name="test_exchange_connect_rejects_invalid_api_keys" time="0.607" /><testcase classname="backend.tests.test_exchange_integration.TestExchangeConnectEndpoint" name="test_exchange_connect_validates_exchange_type" time="0.461" /><testcase classname="backend.tests.test_exchange_integration.TestExchangeValidateEndpoint" name="test_exchange_validate_returns_400_for_no_exchange" time="0.536" /><testcase classname="backend.tests.test_exchange_integration.TestAdminExchangesEndpoint" name="test_admin_exchanges_requires_admin_key" time="0.247" /><testcase classname="backend.tests.test_exchange_integration.TestAdminExchangesEndpoint" name="test_admin_exchanges_returns_list_with_valid_key" time="0.118" /><testcase classname="backend.tests.test_exchange_integration.TestAdminExchangesEndpoint" name="test_admin_exchanges_does_not_expose_secret_keys" time="0.129" /><testcase classname="backend.tests.test_exchange_integration.TestExchangeDisconnect" name="test_exchange_disconnect_succeeds" time="0.474" /></testsuite></testsuites>