<?xml version="1.0" encoding="utf-8"?><testsuites name="pytest tests"><testsuite name="pytest" errors="0" failures="0" skipped="0" tests="16" time="29.000" timestamp="2026-04-01T15:55:26.503304+00:00" hostname="agent-env-09c5a96a-7174-4a67-8b1c-cb8b1c13bdc8"><testcase classname="backend.tests.test_execution_engine.TestExecutionConfigEndpoints" name="test_get_config_returns_default_for_new_user" time="24.037" /><testcase classname="backend.tests.test_execution_engine.TestExecutionConfigEndpoints" name="test_get_config_for_pro_user_with_existing_config" time="0.427" /><testcase classname="backend.tests.test_execution_engine.TestExecutionConfigEndpoints" name="test_update_config_paper_mode" time="0.397" /><testcase classname="backend.tests.test_execution_engine.TestExecutionConfigEndpoints" name="test_update_config_testnet_mode_without_credentials_fails" time="0.376" /><testcase classname="backend.tests.test_execution_engine.TestExecutionConfigEndpoints" name="test_update_config_requires_auth" time="0.157" /><testcase classname="backend.tests.test_execution_engine.TestExecutionLogsEndpoints" name="test_get_logs_for_user" time="0.398" /><testcase classname="backend.tests.test_execution_engine.TestExecutionLogsEndpoints" name="test_get_logs_with_status_filter" time="0.406" /><testcase classname="backend.tests.test_execution_engine.TestExecutionLogsEndpoints" name="test_get_logs_requires_auth" time="0.102" /><testcase classname="backend.tests.test_execution_engine.TestExecutionLogsEndpoints" name="test_admin_logs_endpoint" time="0.394" /><testcase classname="backend.tests.test_execution_engine.TestExecutionLogsEndpoints" name="test_admin_logs_requires_admin_role" time="0.410" /><testcase classname="backend.tests.test_execution_engine.TestSignalEmission" name="test_emit_signal_by_strategy_creator" time="0.430" /><testcase classname="backend.tests.test_execution_engine.TestSignalEmission" name="test_emit_signal_by_non_creator_fails" time="0.401" /><testcase classname="backend.tests.test_execution_engine.TestSignalEmission" name="test_emit_signal_invalid_strategy" time="0.384" /><testcase classname="backend.tests.test_execution_engine.TestSignalEmission" name="test_emit_signal_requires_auth" time="0.113" /><testcase classname="backend.tests.test_execution_engine.TestTestOrderEndpoint" name="test_test_order_without_credentials_fails" time="0.368" /><testcase classname="backend.tests.test_execution_engine.TestTestOrderEndpoint" name="test_test_order_requires_auth" time="0.132" /></testsuite></testsuites>