<?xml version="1.0" encoding="utf-8"?><testsuites name="pytest tests"><testsuite name="pytest" errors="0" failures="0" skipped="0" tests="23" time="32.111" timestamp="2026-03-29T11:02:39.561941+00:00" hostname="agent-env-7f8bba96-e060-4c23-b883-835efab2cdfc"><testcase classname="backend.tests.test_follow_notifications.TestDemoEndpoints" name="test_demo_following_returns_mock_data" time="19.360" /><testcase classname="backend.tests.test_follow_notifications.TestDemoEndpoints" name="test_demo_notifications_returns_mock_data" time="10.358" /><testcase classname="backend.tests.test_follow_notifications.TestFollowEndpointsAuth" name="test_follow_without_auth_returns_401" time="0.048" /><testcase classname="backend.tests.test_follow_notifications.TestFollowEndpointsAuth" name="test_unfollow_without_auth_returns_401" time="0.040" /><testcase classname="backend.tests.test_follow_notifications.TestFollowEndpointsAuth" name="test_following_list_without_auth_returns_401" time="0.042" /><testcase classname="backend.tests.test_follow_notifications.TestFollowEndpointsAuth" name="test_following_ids_without_auth_returns_401" time="0.044" /><testcase classname="backend.tests.test_follow_notifications.TestNotificationEndpointsAuth" name="test_inbox_without_auth_returns_401" time="0.040" /><testcase classname="backend.tests.test_follow_notifications.TestNotificationEndpointsAuth" name="test_mark_read_without_auth_returns_401" time="0.042" /><testcase classname="backend.tests.test_follow_notifications.TestNotificationEndpointsAuth" name="test_mark_all_read_without_auth_returns_401" time="0.041" /><testcase classname="backend.tests.test_follow_notifications.TestProStatus" name="test_pro_status_without_auth_returns_401" time="0.080" /><testcase classname="backend.tests.test_follow_notifications.TestProStatus" name="test_free_user_pro_status" time="0.335" /><testcase classname="backend.tests.test_follow_notifications.TestProStatus" name="test_admin_user_pro_status" time="0.386" /><testcase classname="backend.tests.test_follow_notifications.TestFollowWorkflow" name="test_follow_strategy_creates_entry_and_notification" time="0.258" /><testcase classname="backend.tests.test_follow_notifications.TestFollowWorkflow" name="test_follow_already_following_returns_success" time="0.170" /><testcase classname="backend.tests.test_follow_notifications.TestFollowWorkflow" name="test_unfollow_strategy_removes_entry" time="0.169" /><testcase classname="backend.tests.test_follow_notifications.TestFollowWorkflow" name="test_unfollow_not_following_returns_success" time="0.043" /><testcase classname="backend.tests.test_follow_notifications.TestFreeTierGating" name="test_free_tier_first_follow_succeeds" time="0.174" /><testcase classname="backend.tests.test_follow_notifications.TestFreeTierGating" name="test_free_tier_second_follow_returns_403" time="0.044" /><testcase classname="backend.tests.test_follow_notifications.TestFreeTierGating" name="test_free_tier_cleanup" time="0.090" /><testcase classname="backend.tests.test_follow_notifications.TestFollowingList" name="test_following_list_returns_strategy_details" time="0.042" /><testcase classname="backend.tests.test_follow_notifications.TestNotificationWorkflow" name="test_inbox_returns_notifications" time="0.042" /><testcase classname="backend.tests.test_follow_notifications.TestNotificationWorkflow" name="test_mark_all_read_clears_unread" time="0.126" /><testcase classname="backend.tests.test_follow_notifications.TestLeaderboardIntegration" name="test_leaderboard_demo_returns_8_strategies" time="0.044" /></testsuite></testsuites>