<?xml version="1.0" encoding="utf-8"?><testsuites name="pytest tests"><testsuite name="pytest" errors="0" failures="0" skipped="0" tests="12" time="72.758" timestamp="2026-03-27T16:58:12.096749+00:00" hostname="agent-env-58921f6c-e4de-4425-97fa-7633d7f411a5"><testcase classname="backend.tests.test_free_tier.TestAuthMeUserTier" name="test_auth_me_returns_user_tier" time="46.620" /><testcase classname="backend.tests.test_free_tier.TestAuthMeUserTier" name="test_auth_me_has_required_fields" time="12.842" /><testcase classname="backend.tests.test_free_tier.TestPaymentsPackages" name="test_packages_endpoint_returns_4_packages" time="10.901" /><testcase classname="backend.tests.test_free_tier.TestPaymentsPackages" name="test_pro_monthly_package_details" time="0.158" /><testcase classname="backend.tests.test_free_tier.TestPaymentsPackages" name="test_elite_monthly_package_details" time="0.099" /><testcase classname="backend.tests.test_free_tier.TestPaymentsPackages" name="test_yearly_packages_have_savings" time="0.103" /><testcase classname="backend.tests.test_free_tier.TestTradingExecuteTierRestriction" name="test_live_trade_blocked_for_free_user" time="0.619" /><testcase classname="backend.tests.test_free_tier.TestTradingExecuteTierRestriction" name="test_paper_trade_allowed_for_free_user" time="0.466" /><testcase classname="backend.tests.test_free_tier.TestLeaderboardTierRestriction" name="test_leaderboard_free_tier_limit" time="0.114" /><testcase classname="backend.tests.test_free_tier.TestLeaderboardTierRestriction" name="test_leaderboard_pro_tier_full_access" time="0.101" /><testcase classname="backend.tests.test_free_tier.TestLoginFlow" name="test_login_with_test_credentials" time="0.331" /><testcase classname="backend.tests.test_free_tier.TestLoginFlow" name="test_login_returns_user_tier_in_response" time="0.334" /></testsuite></testsuites>