<?xml version="1.0" encoding="utf-8"?><testsuites name="pytest tests"><testsuite name="pytest" errors="0" failures="0" skipped="0" tests="13" time="32.288" timestamp="2026-03-29T01:35:37.286413+00:00" hostname="agent-env-735c0767-6079-42cc-8374-4c52bf37f50a"><testcase classname="backend.tests.test_goal_tracker.TestGoalTrackerEndpoints" name="test_get_goals_returns_default_targets" time="19.651" /><testcase classname="backend.tests.test_goal_tracker.TestGoalTrackerEndpoints" name="test_get_goals_requires_admin_key" time="10.618" /><testcase classname="backend.tests.test_goal_tracker.TestGoalTrackerEndpoints" name="test_get_goals_wrong_admin_key" time="0.169" /><testcase classname="backend.tests.test_goal_tracker.TestGoalTrackerEndpoints" name="test_post_goals_saves_and_returns_targets" time="0.250" /><testcase classname="backend.tests.test_goal_tracker.TestGoalTrackerEndpoints" name="test_post_goals_validates_k_factor_max" time="0.109" /><testcase classname="backend.tests.test_goal_tracker.TestGoalTrackerEndpoints" name="test_post_goals_validates_k_factor_min" time="0.123" /><testcase classname="backend.tests.test_goal_tracker.TestGoalTrackerEndpoints" name="test_post_goals_validates_demo_signup_max" time="0.142" /><testcase classname="backend.tests.test_goal_tracker.TestGoalTrackerEndpoints" name="test_post_goals_validates_demo_signup_min" time="0.107" /><testcase classname="backend.tests.test_goal_tracker.TestGoalTrackerEndpoints" name="test_post_goals_validates_demo_pro_max" time="0.144" /><testcase classname="backend.tests.test_goal_tracker.TestGoalTrackerEndpoints" name="test_post_goals_requires_admin_key" time="0.126" /><testcase classname="backend.tests.test_goal_tracker.TestAnalyticsTrends24h" name="test_analytics_returns_trends_24h" time="0.156" /><testcase classname="backend.tests.test_goal_tracker.TestAnalyticsTrends24h" name="test_analytics_trends_24h_all_periods" time="0.483" /><testcase classname="backend.tests.test_goal_tracker.TestGoalTrackerCleanup" name="test_reset_goals_to_defaults" time="0.142" /></testsuite></testsuites>