<?xml version="1.0" encoding="utf-8"?><testsuites name="pytest tests"><testsuite name="pytest" errors="0" failures="0" skipped="0" tests="67" time="18.059" timestamp="2026-04-23T16:07:28.054462+00:00" hostname="agent-env-2a676d46-f095-4944-9a8c-0658af98366f"><testcase classname="tests.backend_test.TestHealth" name="test_health_ok" time="0.201" /><testcase classname="tests.backend_test.TestVibesTop" name="test_top_returns_three_slots" time="0.137" /><testcase classname="tests.backend_test.TestVibesTop" name="test_live_music_is_best_live_music_category" time="0.065" /><testcase classname="tests.backend_test.TestVibesTop" name="test_live_music_fallback_to_best_overall" time="0.058" /><testcase classname="tests.backend_test.TestVibesTop" name="test_out_of_range_returns_all_null" time="0.059" /><testcase classname="tests.backend_test.TestVibesTop" name="test_lat_out_of_range_422" time="0.056" /><testcase classname="tests.backend_test.TestVibesTop" name="test_lng_out_of_range_422" time="0.056" /><testcase classname="tests.backend_test.TestFeedback" name="test_busy_vote_updates_score" time="0.126" /><testcase classname="tests.backend_test.TestFeedback" name="test_dead_lowers_and_good_raises" time="0.312" /><testcase classname="tests.backend_test.TestFeedback" name="test_invalid_vote_422" time="0.063" /><testcase classname="tests.backend_test.TestFeedback" name="test_unknown_venue_404" time="0.071" /><testcase classname="tests.backend_test.TestAdmin" name="test_list_venues_shape" time="0.000" /><testcase classname="tests.backend_test.TestAdmin" name="test_create_and_update_signals_recomputes_score" time="1.046" /><testcase classname="tests.backend_test.TestAdmin" name="test_update_signals_unknown_id_404" time="0.071" /><testcase classname="tests.backend_test.TestScoringMath" name="test_seeded_scores_match_weighted_formula" time="0.000" /><testcase classname="tests.backend_test.TestScoringMath" name="test_crowd_level_bands" time="0.000" /><testcase classname="tests.backend_test.TestDocs" name="test_branded_docs_html" time="0.100" /><testcase classname="tests.backend_test.TestDocs" name="test_static_css_served" time="0.060" /><testcase classname="tests.backend_test.TestDocs" name="test_openapi_schema" time="0.059" /><testcase classname="tests.test_feedback_propagation.TestFeedbackPropagation" name="test_feedback_response_matches_published_score[busy]" time="0.398" /><testcase classname="tests.test_feedback_propagation.TestFeedbackPropagation" name="test_feedback_response_matches_published_score[good]" time="0.313" /><testcase classname="tests.test_feedback_propagation.TestFeedbackPropagation" name="test_feedback_response_matches_published_score[dead]" time="0.309" /><testcase classname="tests.test_feedback_propagation.TestFeedbackPropagation" name="test_published_score_matches_new_formula" time="0.316" /><testcase classname="tests.test_feedback_propagation.TestUserVotesSignalWindow" name="test_five_dead_votes_drop_score_toward_zero" time="0.591" /><testcase classname="tests.test_feedback_propagation.TestUserVotesSignalWindow" name="test_five_busy_votes_climb_score_toward_ten" time="0.725" /><testcase classname="tests.test_intel_and_rewards" name="test_ping_records_location" time="0.137" /><testcase classname="tests.test_intel_and_rewards" name="test_flow_returns_one_entry_per_venue" time="0.057" /><testcase classname="tests.test_intel_and_rewards" name="test_visit_detector_runs" time="0.054" /><testcase classname="tests.test_intel_and_rewards" name="test_trajectory_snapshot_and_read" time="0.171" /><testcase classname="tests.test_intel_and_rewards" name="test_trajectory_unknown_venue_is_404" time="0.054" /><testcase classname="tests.test_intel_and_rewards" name="test_reward_rules" time="0.052" /><testcase classname="tests.test_intel_and_rewards" name="test_earn_and_wallet_flow" time="0.219" /><testcase classname="tests.test_intel_and_rewards" name="test_earn_unknown_action_rejected" time="0.052" /><testcase classname="tests.test_intel_and_rewards" name="test_offer_crud_and_redeem" time="0.291" /><testcase classname="tests.test_intel_and_rewards" name="test_redemption_listing" time="0.054" /><testcase classname="tests.test_intel_and_rewards" name="test_offer_for_unknown_venue_404" time="0.054" /><testcase classname="tests.test_signal_engine.TestSignalRefreshEndpoint" name="test_refresh_returns_expected_shape" time="0.227" /><testcase classname="tests.test_signal_engine.TestSignalRefreshEndpoint" name="test_every_venue_has_external_signals_after_refresh" time="0.207" /><testcase classname="tests.test_signal_engine.TestAdminVenuesShape" name="test_shape_includes_external_signals" time="0.057" /><testcase classname="tests.test_signal_engine.TestScoreFromSignals" name="test_reported_vibe_score_matches_formula" time="0.000" /><testcase classname="tests.test_signal_engine.TestScoreChangesBetweenRefreshes" name="test_jitter_between_two_refreshes" time="8.445" /><testcase classname="tests.test_signal_engine.TestScoringModule" name="test_legacy_compute_vibe_score_still_works" time="0.253" /><testcase classname="tests.test_signal_engine.TestScoringModule" name="test_calculate_vibe_score_from_signals_dict" time="0.001" /><testcase classname="tests.test_vibes_extras.TestRegression" name="test_health" time="0.330" /><testcase classname="tests.test_vibes_extras.TestRegression" name="test_top" time="0.138" /><testcase classname="tests.test_vibes_extras.TestRegression" name="test_admin_venues_has_external_signals" time="0.000" /><testcase classname="tests.test_vibes_extras.TestRegression" name="test_feedback_matches_next_get" time="0.130" /><testcase classname="tests.test_vibes_extras.TestRegression" name="test_feedback_422_bad_vote" time="0.053" /><testcase classname="tests.test_vibes_extras.TestRegression" name="test_feedback_404_unknown_venue" time="0.059" /><testcase classname="tests.test_vibes_extras.TestDirections" name="test_happy_path" time="0.062" /><testcase classname="tests.test_vibes_extras.TestDirections" name="test_404_unknown_venue" time="0.056" /><testcase classname="tests.test_vibes_extras.TestDirections" name="test_422_out_of_range_lat" time="0.058" /><testcase classname="tests.test_vibes_extras.TestDirections" name="test_422_out_of_range_lng" time="0.064" /><testcase classname="tests.test_vibes_extras.TestHeatmap" name="test_shape_and_sort" time="0.072" /><testcase classname="tests.test_vibes_extras.TestHeatmap" name="test_formula_matches_external_signals" time="0.306" /><testcase classname="tests.test_vibes_extras.TestHeatmap" name="test_category_filter" time="0.067" /><testcase classname="tests.test_vibes_extras.TestLiveMusic" name="test_flagged_shape" time="0.062" /><testcase classname="tests.test_vibes_extras.TestLiveMusic" name="test_include_all" time="0.076" /><testcase classname="tests.test_vibes_extras.TestTouristFlags" name="test_shape_and_rules" time="0.129" /><testcase classname="tests.test_vibes_extras.TestForecast" name="test_list" time="0.058" /><testcase classname="tests.test_vibes_extras.TestForecast" name="test_single" time="0.067" /><testcase classname="tests.test_vibes_extras.TestForecast" name="test_single_404" time="0.060" /><testcase classname="tests.test_vibes_extras.TestTop3" name="test_default" time="0.055" /><testcase classname="tests.test_vibes_extras.TestTop3" name="test_vibe_filter_live_music" time="0.061" /><testcase classname="tests.test_vibes_extras.TestTop3" name="test_avoid_tourist_traps" time="0.068" /><testcase classname="tests.test_vibes_extras.TestTop3" name="test_distance_penalty" time="0.061" /><testcase classname="tests.test_vibes_extras.TestTop3" name="test_radius_excludes" time="0.057" /></testsuite></testsuites>