<?xml version="1.0" encoding="utf-8"?><testsuites name="pytest tests"><testsuite name="pytest" errors="0" failures="0" skipped="0" tests="24" time="2.201" timestamp="2026-04-23T14:59:14.040560+00:00" hostname="agent-env-c5cd54e4-13bd-4b2d-a2a1-c2aabd271be3"><testcase classname="backend.tests.test_vibes_extras.TestRegression" name="test_health" time="0.443" /><testcase classname="backend.tests.test_vibes_extras.TestRegression" name="test_top" time="0.130" /><testcase classname="backend.tests.test_vibes_extras.TestRegression" name="test_admin_venues_has_external_signals" time="0.000" /><testcase classname="backend.tests.test_vibes_extras.TestRegression" name="test_feedback_matches_next_get" time="0.117" /><testcase classname="backend.tests.test_vibes_extras.TestRegression" name="test_feedback_422_bad_vote" time="0.060" /><testcase classname="backend.tests.test_vibes_extras.TestRegression" name="test_feedback_404_unknown_venue" time="0.077" /><testcase classname="backend.tests.test_vibes_extras.TestDirections" name="test_happy_path" time="0.059" /><testcase classname="backend.tests.test_vibes_extras.TestDirections" name="test_404_unknown_venue" time="0.068" /><testcase classname="backend.tests.test_vibes_extras.TestDirections" name="test_422_out_of_range_lat" time="0.063" /><testcase classname="backend.tests.test_vibes_extras.TestDirections" name="test_422_out_of_range_lng" time="0.086" /><testcase classname="backend.tests.test_vibes_extras.TestHeatmap" name="test_shape_and_sort" time="0.067" /><testcase classname="backend.tests.test_vibes_extras.TestHeatmap" name="test_formula_matches_external_signals" time="0.232" /><testcase classname="backend.tests.test_vibes_extras.TestHeatmap" name="test_category_filter" time="0.049" /><testcase classname="backend.tests.test_vibes_extras.TestLiveMusic" name="test_flagged_shape" time="0.057" /><testcase classname="backend.tests.test_vibes_extras.TestLiveMusic" name="test_include_all" time="0.051" /><testcase classname="backend.tests.test_vibes_extras.TestTouristFlags" name="test_shape_and_rules" time="0.052" /><testcase classname="backend.tests.test_vibes_extras.TestForecast" name="test_list" time="0.052" /><testcase classname="backend.tests.test_vibes_extras.TestForecast" name="test_single" time="0.056" /><testcase classname="backend.tests.test_vibes_extras.TestForecast" name="test_single_404" time="0.053" /><testcase classname="backend.tests.test_vibes_extras.TestTop3" name="test_default" time="0.063" /><testcase classname="backend.tests.test_vibes_extras.TestTop3" name="test_vibe_filter_live_music" time="0.060" /><testcase classname="backend.tests.test_vibes_extras.TestTop3" name="test_avoid_tourist_traps" time="0.069" /><testcase classname="backend.tests.test_vibes_extras.TestTop3" name="test_distance_penalty" time="0.074" /><testcase classname="backend.tests.test_vibes_extras.TestTop3" name="test_radius_excludes" time="0.055" /></testsuite></testsuites>