<?xml version="1.0" encoding="utf-8"?><testsuites name="pytest tests"><testsuite name="pytest" errors="0" failures="0" skipped="0" tests="56" time="15.388" timestamp="2026-04-23T14:59:21.303145+00:00" hostname="agent-env-c5cd54e4-13bd-4b2d-a2a1-c2aabd271be3"><testcase classname="backend.tests.backend_test.TestHealth" name="test_health_ok" time="0.136" /><testcase classname="backend.tests.backend_test.TestVibesTop" name="test_top_returns_three_slots" time="0.103" /><testcase classname="backend.tests.backend_test.TestVibesTop" name="test_live_music_is_best_live_music_category" time="0.048" /><testcase classname="backend.tests.backend_test.TestVibesTop" name="test_live_music_fallback_to_best_overall" time="0.045" /><testcase classname="backend.tests.backend_test.TestVibesTop" name="test_out_of_range_returns_all_null" time="0.069" /><testcase classname="backend.tests.backend_test.TestVibesTop" name="test_lat_out_of_range_422" time="0.045" /><testcase classname="backend.tests.backend_test.TestVibesTop" name="test_lng_out_of_range_422" time="0.045" /><testcase classname="backend.tests.backend_test.TestFeedback" name="test_busy_vote_updates_score" time="0.115" /><testcase classname="backend.tests.backend_test.TestFeedback" name="test_dead_lowers_and_good_raises" time="0.264" /><testcase classname="backend.tests.backend_test.TestFeedback" name="test_invalid_vote_422" time="0.048" /><testcase classname="backend.tests.backend_test.TestFeedback" name="test_unknown_venue_404" time="0.052" /><testcase classname="backend.tests.backend_test.TestAdmin" name="test_list_venues_shape" time="0.000" /><testcase classname="backend.tests.backend_test.TestAdmin" name="test_create_and_update_signals_recomputes_score" time="0.789" /><testcase classname="backend.tests.backend_test.TestAdmin" name="test_update_signals_unknown_id_404" time="0.048" /><testcase classname="backend.tests.backend_test.TestScoringMath" name="test_seeded_scores_match_weighted_formula" time="0.000" /><testcase classname="backend.tests.backend_test.TestScoringMath" name="test_crowd_level_bands" time="0.000" /><testcase classname="backend.tests.backend_test.TestDocs" name="test_branded_docs_html" time="0.047" /><testcase classname="backend.tests.backend_test.TestDocs" name="test_static_css_served" time="0.050" /><testcase classname="backend.tests.backend_test.TestDocs" name="test_openapi_schema" time="0.056" /><testcase classname="backend.tests.test_feedback_propagation.TestFeedbackPropagation" name="test_feedback_response_matches_published_score[busy]" time="0.328" /><testcase classname="backend.tests.test_feedback_propagation.TestFeedbackPropagation" name="test_feedback_response_matches_published_score[good]" time="0.256" /><testcase classname="backend.tests.test_feedback_propagation.TestFeedbackPropagation" name="test_feedback_response_matches_published_score[dead]" time="0.247" /><testcase classname="backend.tests.test_feedback_propagation.TestFeedbackPropagation" name="test_published_score_matches_new_formula" time="0.258" /><testcase classname="backend.tests.test_feedback_propagation.TestUserVotesSignalWindow" name="test_five_dead_votes_drop_score_toward_zero" time="0.534" /><testcase classname="backend.tests.test_feedback_propagation.TestUserVotesSignalWindow" name="test_five_busy_votes_climb_score_toward_ten" time="0.507" /><testcase classname="backend.tests.test_signal_engine.TestSignalRefreshEndpoint" name="test_refresh_returns_expected_shape" time="0.183" /><testcase classname="backend.tests.test_signal_engine.TestSignalRefreshEndpoint" name="test_every_venue_has_external_signals_after_refresh" time="0.157" /><testcase classname="backend.tests.test_signal_engine.TestAdminVenuesShape" name="test_shape_includes_external_signals" time="0.053" /><testcase classname="backend.tests.test_signal_engine.TestScoreFromSignals" name="test_reported_vibe_score_matches_formula" time="0.000" /><testcase classname="backend.tests.test_signal_engine.TestScoreChangesBetweenRefreshes" name="test_jitter_between_two_refreshes" time="8.348" /><testcase classname="backend.tests.test_signal_engine.TestScoringModule" name="test_legacy_compute_vibe_score_still_works" time="0.248" /><testcase classname="backend.tests.test_signal_engine.TestScoringModule" name="test_calculate_vibe_score_from_signals_dict" time="0.001" /><testcase classname="backend.tests.test_vibes_extras.TestRegression" name="test_health" time="0.265" /><testcase classname="backend.tests.test_vibes_extras.TestRegression" name="test_top" time="0.146" /><testcase classname="backend.tests.test_vibes_extras.TestRegression" name="test_admin_venues_has_external_signals" time="0.000" /><testcase classname="backend.tests.test_vibes_extras.TestRegression" name="test_feedback_matches_next_get" time="0.138" /><testcase classname="backend.tests.test_vibes_extras.TestRegression" name="test_feedback_422_bad_vote" time="0.048" /><testcase classname="backend.tests.test_vibes_extras.TestRegression" name="test_feedback_404_unknown_venue" time="0.052" /><testcase classname="backend.tests.test_vibes_extras.TestDirections" name="test_happy_path" time="0.058" /><testcase classname="backend.tests.test_vibes_extras.TestDirections" name="test_404_unknown_venue" time="0.064" /><testcase classname="backend.tests.test_vibes_extras.TestDirections" name="test_422_out_of_range_lat" time="0.057" /><testcase classname="backend.tests.test_vibes_extras.TestDirections" name="test_422_out_of_range_lng" time="0.052" /><testcase classname="backend.tests.test_vibes_extras.TestHeatmap" name="test_shape_and_sort" time="0.055" /><testcase classname="backend.tests.test_vibes_extras.TestHeatmap" name="test_formula_matches_external_signals" time="0.252" /><testcase classname="backend.tests.test_vibes_extras.TestHeatmap" name="test_category_filter" time="0.077" /><testcase classname="backend.tests.test_vibes_extras.TestLiveMusic" name="test_flagged_shape" time="0.071" /><testcase classname="backend.tests.test_vibes_extras.TestLiveMusic" name="test_include_all" time="0.069" /><testcase classname="backend.tests.test_vibes_extras.TestTouristFlags" name="test_shape_and_rules" time="0.058" /><testcase classname="backend.tests.test_vibes_extras.TestForecast" name="test_list" time="0.059" /><testcase classname="backend.tests.test_vibes_extras.TestForecast" name="test_single" time="0.059" /><testcase classname="backend.tests.test_vibes_extras.TestForecast" name="test_single_404" time="0.072" /><testcase classname="backend.tests.test_vibes_extras.TestTop3" name="test_default" time="0.087" /><testcase classname="backend.tests.test_vibes_extras.TestTop3" name="test_vibe_filter_live_music" time="0.069" /><testcase classname="backend.tests.test_vibes_extras.TestTop3" name="test_avoid_tourist_traps" time="0.051" /><testcase classname="backend.tests.test_vibes_extras.TestTop3" name="test_distance_penalty" time="0.063" /><testcase classname="backend.tests.test_vibes_extras.TestTop3" name="test_radius_excludes" time="0.063" /></testsuite></testsuites>