<?xml version="1.0" encoding="utf-8"?><testsuites name="pytest tests"><testsuite name="pytest" errors="0" failures="0" skipped="0" tests="30" time="54.276" timestamp="2026-04-06T11:59:53.437681+00:00" hostname="agent-env-1d58541f-01ac-4bf4-a87f-11b666ffbbdc"><testcase classname="backend.tests.test_live_pages_endpoints.TestSystemMode" name="test_system_mode_returns_live" time="14.270" /><testcase classname="backend.tests.test_live_pages_endpoints.TestDashboardLive" name="test_dashboard_live_returns_200" time="0.216" /><testcase classname="backend.tests.test_live_pages_endpoints.TestDashboardLive" name="test_dashboard_live_returns_mode" time="36.253" /><testcase classname="backend.tests.test_live_pages_endpoints.TestDashboardLive" name="test_dashboard_live_returns_signals_24h" time="0.168" /><testcase classname="backend.tests.test_live_pages_endpoints.TestDashboardLive" name="test_dashboard_live_returns_active_agents" time="0.136" /><testcase classname="backend.tests.test_live_pages_endpoints.TestDashboardLive" name="test_dashboard_live_returns_win_rate" time="0.144" /><testcase classname="backend.tests.test_live_pages_endpoints.TestDashboardLive" name="test_dashboard_live_returns_accuracy" time="0.107" /><testcase classname="backend.tests.test_live_pages_endpoints.TestDashboardLive" name="test_dashboard_live_returns_recent_alerts" time="0.121" /><testcase classname="backend.tests.test_live_pages_endpoints.TestDashboardLive" name="test_dashboard_live_returns_agents" time="0.146" /><testcase classname="backend.tests.test_live_pages_endpoints.TestDashboardLive" name="test_dashboard_live_recent_alerts_structure" time="0.113" /><testcase classname="backend.tests.test_live_pages_endpoints.TestAlertsLive" name="test_alerts_live_returns_200" time="0.143" /><testcase classname="backend.tests.test_live_pages_endpoints.TestAlertsLive" name="test_alerts_live_returns_mode" time="0.151" /><testcase classname="backend.tests.test_live_pages_endpoints.TestAlertsLive" name="test_alerts_live_returns_alerts_array" time="0.100" /><testcase classname="backend.tests.test_live_pages_endpoints.TestAlertsLive" name="test_alerts_live_returns_count" time="0.110" /><testcase classname="backend.tests.test_live_pages_endpoints.TestAlertsLive" name="test_alerts_live_limit_parameter" time="0.103" /><testcase classname="backend.tests.test_live_pages_endpoints.TestAlertsLive" name="test_alerts_live_alert_structure" time="0.117" /><testcase classname="backend.tests.test_live_pages_endpoints.TestAlertsLive" name="test_alerts_live_is_demo_false_in_live_mode" time="0.100" /><testcase classname="backend.tests.test_live_pages_endpoints.TestAnalyticsLive" name="test_analytics_live_returns_200" time="0.124" /><testcase classname="backend.tests.test_live_pages_endpoints.TestAnalyticsLive" name="test_analytics_live_returns_mode" time="0.130" /><testcase classname="backend.tests.test_live_pages_endpoints.TestAnalyticsLive" name="test_analytics_live_returns_total_signals" time="0.127" /><testcase classname="backend.tests.test_live_pages_endpoints.TestAnalyticsLive" name="test_analytics_live_returns_avg_win_rate" time="0.133" /><testcase classname="backend.tests.test_live_pages_endpoints.TestAnalyticsLive" name="test_analytics_live_returns_sharpe_ratio" time="0.114" /><testcase classname="backend.tests.test_live_pages_endpoints.TestAnalyticsLive" name="test_analytics_live_returns_max_drawdown" time="0.119" /><testcase classname="backend.tests.test_live_pages_endpoints.TestAnalyticsLive" name="test_analytics_live_returns_by_pair" time="0.135" /><testcase classname="backend.tests.test_live_pages_endpoints.TestAnalyticsLive" name="test_analytics_live_returns_by_agent" time="0.132" /><testcase classname="backend.tests.test_live_pages_endpoints.TestAnalyticsLive" name="test_analytics_live_returns_daily" time="0.117" /><testcase classname="backend.tests.test_live_pages_endpoints.TestAnalyticsLive" name="test_analytics_live_by_pair_structure" time="0.125" /><testcase classname="backend.tests.test_live_pages_endpoints.TestAnalyticsLive" name="test_analytics_live_by_agent_structure" time="0.132" /><testcase classname="backend.tests.test_live_pages_endpoints.TestAnalyticsLive" name="test_analytics_live_daily_structure" time="0.128" /><testcase classname="backend.tests.test_live_pages_endpoints.TestAnalyticsLive" name="test_analytics_live_days_parameter" time="0.161" /></testsuite></testsuites>