<?xml version="1.0" encoding="utf-8"?><testsuites name="pytest tests"><testsuite name="pytest" errors="0" failures="0" skipped="0" tests="15" time="61.320" timestamp="2026-04-06T10:11:52.749142+00:00" hostname="agent-env-1d58541f-01ac-4bf4-a87f-11b666ffbbdc"><testcase classname="backend.tests.test_live_demo_mode.TestSystemModeEndpoints" name="test_get_system_mode_returns_valid_mode" time="16.739" /><testcase classname="backend.tests.test_live_demo_mode.TestSystemModeEndpoints" name="test_post_system_mode_switches_to_demo" time="39.166" /><testcase classname="backend.tests.test_live_demo_mode.TestSystemModeEndpoints" name="test_post_system_mode_switches_to_live" time="0.139" /><testcase classname="backend.tests.test_live_demo_mode.TestSystemModeEndpoints" name="test_post_system_mode_rejects_without_admin_key" time="0.102" /><testcase classname="backend.tests.test_live_demo_mode.TestSystemModeEndpoints" name="test_post_system_mode_rejects_invalid_admin_key" time="0.098" /><testcase classname="backend.tests.test_live_demo_mode.TestAlertsLiveEndpoint" name="test_alerts_live_returns_demo_data_in_demo_mode" time="0.451" /><testcase classname="backend.tests.test_live_demo_mode.TestAlertsLiveEndpoint" name="test_alerts_live_returns_real_data_in_live_mode" time="0.470" /><testcase classname="backend.tests.test_live_demo_mode.TestEventsLiveEndpoint" name="test_events_live_returns_demo_data_in_demo_mode" time="0.417" /><testcase classname="backend.tests.test_live_demo_mode.TestEventsLiveEndpoint" name="test_events_live_returns_real_data_in_live_mode" time="0.403" /><testcase classname="backend.tests.test_live_demo_mode.TestAgentsPerformanceEndpoint" name="test_agents_performance_returns_demo_data_in_demo_mode" time="0.419" /><testcase classname="backend.tests.test_live_demo_mode.TestAgentsPerformanceEndpoint" name="test_agents_performance_returns_real_data_in_live_mode" time="0.439" /><testcase classname="backend.tests.test_live_demo_mode.TestAnalyticsSummaryEndpoint" name="test_analytics_summary_returns_demo_data_in_demo_mode" time="0.458" /><testcase classname="backend.tests.test_live_demo_mode.TestAnalyticsSummaryEndpoint" name="test_analytics_summary_returns_real_data_in_live_mode" time="0.445" /><testcase classname="backend.tests.test_live_demo_mode.TestModeConsistencyAcrossEndpoints" name="test_all_endpoints_respect_demo_mode" time="0.702" /><testcase classname="backend.tests.test_live_demo_mode.TestModeConsistencyAcrossEndpoints" name="test_all_endpoints_respect_live_mode" time="0.774" /></testsuite></testsuites>