<?xml version="1.0" encoding="utf-8"?><testsuites name="pytest tests"><testsuite name="pytest" errors="0" failures="0" skipped="0" tests="10" time="2.381" timestamp="2026-04-06T11:04:31.275651+00:00" hostname="agent-env-1d58541f-01ac-4bf4-a87f-11b666ffbbdc"><testcase classname="backend.tests.test_live_signals_page.TestLiveSignalsAPI" name="test_get_live_alerts_returns_200" time="0.184" /><testcase classname="backend.tests.test_live_signals_page.TestLiveSignalsAPI" name="test_get_live_alerts_with_limit" time="0.101" /><testcase classname="backend.tests.test_live_signals_page.TestLiveSignalsAPI" name="test_live_alerts_structure" time="0.106" /><testcase classname="backend.tests.test_live_signals_page.TestLiveSignalsModeAwareness" name="test_live_mode_returns_real_data" time="0.305" /><testcase classname="backend.tests.test_live_signals_page.TestLiveSignalsModeAwareness" name="test_demo_mode_returns_demo_data" time="0.303" /><testcase classname="backend.tests.test_live_signals_page.TestSystemModeEndpoint" name="test_get_system_mode" time="0.202" /><testcase classname="backend.tests.test_live_signals_page.TestSystemModeEndpoint" name="test_set_system_mode_requires_admin_key" time="0.201" /><testcase classname="backend.tests.test_live_signals_page.TestSystemModeEndpoint" name="test_set_system_mode_rejects_invalid_key" time="0.204" /><testcase classname="backend.tests.test_live_signals_page.TestSystemModeEndpoint" name="test_set_system_mode_to_demo" time="0.309" /><testcase classname="backend.tests.test_live_signals_page.TestSystemModeEndpoint" name="test_set_system_mode_to_live" time="0.408" /></testsuite></testsuites>