<?xml version="1.0" encoding="utf-8"?><testsuites name="pytest tests"><testsuite name="pytest" errors="0" failures="0" skipped="0" tests="21" time="47.678" timestamp="2026-04-05T13:00:45.555486+00:00" hostname="agent-env-bccc1159-02a7-45e6-a45e-5081071465c8"><testcase classname="backend.tests.test_live_mode_system.TestDemoModeStatus" name="test_demo_mode_status_public_no_auth" time="1.788" /><testcase classname="backend.tests.test_live_mode_system.TestAdminDemoModeToggle" name="test_toggle_demo_mode_on" time="7.739" /><testcase classname="backend.tests.test_live_mode_system.TestAdminDemoModeToggle" name="test_toggle_demo_mode_off" time="0.127" /><testcase classname="backend.tests.test_live_mode_system.TestAdminDemoModeToggle" name="test_toggle_demo_mode_invalid_key" time="20.983" /><testcase classname="backend.tests.test_live_mode_system.TestAdminDemoModeToggle" name="test_toggle_demo_mode_missing_key" time="10.438" /><testcase classname="backend.tests.test_live_mode_system.TestLiveSignalsEndpoint" name="test_signals_live_demo_mode_on" time="0.777" /><testcase classname="backend.tests.test_live_mode_system.TestLiveSignalsEndpoint" name="test_signals_live_demo_mode_off" time="0.716" /><testcase classname="backend.tests.test_live_mode_system.TestLiveSignalsEndpoint" name="test_signals_live_with_limit" time="0.102" /><testcase classname="backend.tests.test_live_mode_system.TestPortfolioEndpoint" name="test_portfolio_demo_mode_on" time="0.711" /><testcase classname="backend.tests.test_live_mode_system.TestPortfolioEndpoint" name="test_portfolio_demo_mode_off" time="0.711" /><testcase classname="backend.tests.test_live_mode_system.TestPortfolioEndpoint" name="test_portfolio_requires_user_id" time="0.101" /><testcase classname="backend.tests.test_live_mode_system.TestExistingEndpointsStillWork" name="test_auth_login_admin" time="0.370" /><testcase classname="backend.tests.test_live_mode_system.TestExistingEndpointsStillWork" name="test_auth_login_pro_user" time="0.356" /><testcase classname="backend.tests.test_live_mode_system.TestExistingEndpointsStillWork" name="test_marketplace_leaderboard" time="0.114" /><testcase classname="backend.tests.test_live_mode_system.TestExistingEndpointsStillWork" name="test_waitlist_post" time="0.123" /><testcase classname="backend.tests.test_live_mode_system.TestExistingEndpointsStillWork" name="test_admin_traffic_summary" time="0.111" /><testcase classname="backend.tests.test_live_mode_system.TestExistingEndpointsStillWork" name="test_digest_admin_analytics" time="0.105" /><testcase classname="backend.tests.test_live_mode_system.TestExistingEndpointsStillWork" name="test_health_endpoint" time="0.102" /><testcase classname="backend.tests.test_live_mode_system.TestDemoModeToggleFlow" name="test_full_toggle_flow" time="1.816" /><testcase classname="backend.tests.test_live_mode_system.TestAdminGetDemoMode" name="test_admin_get_demo_mode" time="0.105" /><testcase classname="backend.tests.test_live_mode_system.TestAdminGetDemoMode" name="test_admin_get_demo_mode_invalid_key" time="0.203" /></testsuite></testsuites>