<?xml version="1.0" encoding="utf-8"?><testsuites name="pytest tests"><testsuite name="pytest" errors="0" failures="0" skipped="0" tests="18" time="48.336" timestamp="2026-04-04T16:01:24.009079+00:00" hostname="agent-env-c0967625-3248-4568-9338-edd4e27c0540"><testcase classname="backend.tests.test_marketplace_featured.TestHealthCheck" name="test_health_endpoint" time="14.903" /><testcase classname="backend.tests.test_marketplace_featured.TestFeaturedStrategies" name="test_featured_returns_200" time="0.055" /><testcase classname="backend.tests.test_marketplace_featured.TestFeaturedStrategies" name="test_featured_returns_3_strategies" time="0.053" /><testcase classname="backend.tests.test_marketplace_featured.TestFeaturedStrategies" name="test_featured_strategies_have_perf_data" time="31.723" /><testcase classname="backend.tests.test_marketplace_featured.TestFeaturedStrategies" name="test_featured_strategies_have_risk_labels" time="0.070" /><testcase classname="backend.tests.test_marketplace_featured.TestFeaturedStrategies" name="test_featured_strategies_are_published" time="0.054" /><testcase classname="backend.tests.test_marketplace_featured.TestMarketplaceStrategies" name="test_strategies_list_returns_200" time="0.050" /><testcase classname="backend.tests.test_marketplace_featured.TestMarketplaceStrategies" name="test_strategies_list_includes_featured" time="0.052" /><testcase classname="backend.tests.test_marketplace_featured.TestStrategyDetail" name="test_strategy_detail_returns_200" time="0.054" /><testcase classname="backend.tests.test_marketplace_featured.TestStrategyDetail" name="test_strategy_detail_has_full_data" time="0.051" /><testcase classname="backend.tests.test_marketplace_featured.TestStrategyDetail" name="test_strategy_detail_performance_data" time="0.057" /><testcase classname="backend.tests.test_marketplace_featured.TestStrategyDetail" name="test_strategy_detail_has_risk_label" time="0.056" /><testcase classname="backend.tests.test_marketplace_featured.TestStrategyDetail" name="test_strategy_detail_404_for_invalid_id" time="0.064" /><testcase classname="backend.tests.test_marketplace_featured.TestCopyStrategy" name="test_copy_requires_auth" time="0.064" /><testcase classname="backend.tests.test_marketplace_featured.TestCopyStrategy" name="test_copy_strategy_success" time="0.373" /><testcase classname="backend.tests.test_marketplace_featured.TestCopyStrategy" name="test_copy_strategy_404_for_invalid_id" time="0.051" /><testcase classname="backend.tests.test_marketplace_featured.TestRegressionChecks" name="test_live_prices_endpoint" time="0.250" /><testcase classname="backend.tests.test_marketplace_featured.TestRegressionChecks" name="test_login_works" time="0.273" /></testsuite></testsuites>