<?xml version="1.0" encoding="utf-8"?><testsuites name="pytest tests"><testsuite name="pytest" errors="0" failures="0" skipped="0" tests="12" time="34.063" timestamp="2026-04-01T15:36:46.894822+00:00" hostname="agent-env-09c5a96a-7174-4a67-8b1c-cb8b1c13bdc8"><testcase classname="backend.tests.test_marketplace_billing.TestCheckoutEndpoint" name="test_checkout_returns_stripe_url_for_valid_subscriber" time="33.080" /><testcase classname="backend.tests.test_marketplace_billing.TestCheckoutEndpoint" name="test_checkout_rejects_self_subscription" time="0.349" /><testcase classname="backend.tests.test_marketplace_billing.TestCheckoutEndpoint" name="test_checkout_requires_authentication" time="0.051" /><testcase classname="backend.tests.test_marketplace_billing.TestCheckoutEndpoint" name="test_checkout_returns_404_for_invalid_strategy" time="0.057" /><testcase classname="backend.tests.test_marketplace_billing.TestCancelSubscriptionEndpoint" name="test_cancel_returns_404_when_no_active_subscription" time="0.055" /><testcase classname="backend.tests.test_marketplace_billing.TestCancelSubscriptionEndpoint" name="test_cancel_requires_authentication" time="0.061" /><testcase classname="backend.tests.test_marketplace_billing.TestStatusPollingEndpoint" name="test_status_returns_404_for_invalid_session" time="0.055" /><testcase classname="backend.tests.test_marketplace_billing.TestStatusPollingEndpoint" name="test_status_requires_authentication" time="0.054" /><testcase classname="backend.tests.test_marketplace_billing.TestMarketplaceListingStillWorks" name="test_marketplace_listing_loads" time="0.057" /><testcase classname="backend.tests.test_marketplace_billing.TestMarketplaceListingStillWorks" name="test_strategy_detail_loads" time="0.056" /><testcase classname="backend.tests.test_marketplace_billing.TestCreatorDashboardStillWorks" name="test_creator_strategies_loads" time="0.066" /><testcase classname="backend.tests.test_marketplace_billing.TestMySubscriptionsStillWorks" name="test_my_subscriptions_loads" time="0.061" /></testsuite></testsuites>