<?xml version="1.0" encoding="utf-8"?><testsuites name="pytest tests"><testsuite name="pytest" errors="0" failures="0" skipped="0" tests="22" time="2.634" timestamp="2026-03-21T14:05:13.583014+00:00" hostname="agent-env-ab4b1a4f-0d03-4663-befe-75c2e74697b2"><testcase classname="backend.tests.test_metrics_api.TestComplianceEndpoints" name="test_paper_compliance_info" time="0.185" /><testcase classname="backend.tests.test_metrics_api.TestComplianceEndpoints" name="test_live_compliance_info" time="0.106" /><testcase classname="backend.tests.test_metrics_api.TestComplianceEndpoints" name="test_invalid_mode_compliance" time="0.142" /><testcase classname="backend.tests.test_metrics_api.TestPerformanceSummary" name="test_paper_summary" time="0.109" /><testcase classname="backend.tests.test_metrics_api.TestPerformanceSummary" name="test_live_summary" time="0.099" /><testcase classname="backend.tests.test_metrics_api.TestPerformanceSummary" name="test_summary_with_custom_days" time="0.101" /><testcase classname="backend.tests.test_metrics_api.TestPerformanceSummary" name="test_summary_missing_wallet" time="0.149" /><testcase classname="backend.tests.test_metrics_api.TestEquityCurve" name="test_daily_equity_curve_paper" time="0.105" /><testcase classname="backend.tests.test_metrics_api.TestEquityCurve" name="test_daily_equity_curve_live" time="0.106" /><testcase classname="backend.tests.test_metrics_api.TestEquityCurve" name="test_trade_level_equity_paper" time="0.104" /><testcase classname="backend.tests.test_metrics_api.TestEquityCurve" name="test_trade_level_equity_with_limit" time="0.099" /><testcase classname="backend.tests.test_metrics_api.TestSharpeMetrics" name="test_sharpe_metrics_paper" time="0.103" /><testcase classname="backend.tests.test_metrics_api.TestSharpeMetrics" name="test_sharpe_with_benchmark" time="0.111" /><testcase classname="backend.tests.test_metrics_api.TestSharpeMetrics" name="test_sharpe_without_benchmark" time="0.109" /><testcase classname="backend.tests.test_metrics_api.TestSharpeMetrics" name="test_sharpe_custom_risk_free_rate" time="0.104" /><testcase classname="backend.tests.test_metrics_api.TestDailyPnL" name="test_daily_pnl_paper" time="0.133" /><testcase classname="backend.tests.test_metrics_api.TestDailyPnL" name="test_daily_pnl_live" time="0.150" /><testcase classname="backend.tests.test_metrics_api.TestCombinedMetrics" name="test_combined_metrics" time="0.102" /><testcase classname="backend.tests.test_metrics_api.TestCombinedMetrics" name="test_combined_metrics_custom_days" time="0.108" /><testcase classname="backend.tests.test_metrics_api.TestEdgeCases" name="test_nonexistent_wallet" time="0.099" /><testcase classname="backend.tests.test_metrics_api.TestEdgeCases" name="test_invalid_mode_summary" time="0.097" /><testcase classname="backend.tests.test_metrics_api.TestEdgeCases" name="test_negative_days" time="0.105" /></testsuite></testsuites>