<?xml version="1.0" encoding="utf-8"?><testsuites name="pytest tests"><testsuite name="pytest" errors="0" failures="0" skipped="0" tests="34" time="14.054" timestamp="2026-03-22T18:22:44.453080+00:00" hostname="agent-env-ab4b1a4f-0d03-4663-befe-75c2e74697b2"><testcase classname="backend.tests.test_mobile_v1_api.TestMobileHealthEndpoints" name="test_health_check" time="0.147" /><testcase classname="backend.tests.test_mobile_v1_api.TestMobileHealthEndpoints" name="test_ping" time="0.103" /><testcase classname="backend.tests.test_mobile_v1_api.TestMobileHealthEndpoints" name="test_config" time="0.101" /><testcase classname="backend.tests.test_mobile_v1_api.TestMobileAuthEndpoints" name="test_login_success" time="0.379" /><testcase classname="backend.tests.test_mobile_v1_api.TestMobileAuthEndpoints" name="test_login_with_device_id" time="0.335" /><testcase classname="backend.tests.test_mobile_v1_api.TestMobileAuthEndpoints" name="test_login_invalid_credentials" time="0.112" /><testcase classname="backend.tests.test_mobile_v1_api.TestMobileAuthEndpoints" name="test_refresh_token" time="0.473" /><testcase classname="backend.tests.test_mobile_v1_api.TestMobileAuthEndpoints" name="test_get_profile" time="0.436" /><testcase classname="backend.tests.test_mobile_v1_api.TestMobileAuthEndpoints" name="test_get_profile_with_field_selection" time="0.462" /><testcase classname="backend.tests.test_mobile_v1_api.TestMobileAuthEndpoints" name="test_get_profile_unauthorized" time="0.145" /><testcase classname="backend.tests.test_mobile_v1_api.TestMobileSignalsEndpoints" name="test_get_signals_paginated" time="0.478" /><testcase classname="backend.tests.test_mobile_v1_api.TestMobileSignalsEndpoints" name="test_get_signals_with_field_selection" time="0.461" /><testcase classname="backend.tests.test_mobile_v1_api.TestMobileSignalsEndpoints" name="test_get_signals_etag_caching" time="0.548" /><testcase classname="backend.tests.test_mobile_v1_api.TestMobileSignalsEndpoints" name="test_get_latest_signal" time="0.454" /><testcase classname="backend.tests.test_mobile_v1_api.TestMobileSignalsEndpoints" name="test_get_signals_unauthorized" time="0.695" /><testcase classname="backend.tests.test_mobile_v1_api.TestMobilePortfolioEndpoints" name="test_get_portfolio_summary" time="0.446" /><testcase classname="backend.tests.test_mobile_v1_api.TestMobilePortfolioEndpoints" name="test_get_portfolio_positions" time="0.444" /><testcase classname="backend.tests.test_mobile_v1_api.TestMobilePortfolioEndpoints" name="test_get_portfolio_positions_filtered" time="0.438" /><testcase classname="backend.tests.test_mobile_v1_api.TestMobilePortfolioEndpoints" name="test_get_portfolio_unauthorized" time="0.497" /><testcase classname="backend.tests.test_mobile_v1_api.TestMobileTradingEndpoints" name="test_execute_trade_buy" time="0.439" /><testcase classname="backend.tests.test_mobile_v1_api.TestMobileTradingEndpoints" name="test_execute_trade_sell" time="0.432" /><testcase classname="backend.tests.test_mobile_v1_api.TestMobileTradingEndpoints" name="test_execute_trade_unauthorized" time="0.445" /><testcase classname="backend.tests.test_mobile_v1_api.TestMobileDeviceEndpoints" name="test_register_device" time="0.443" /><testcase classname="backend.tests.test_mobile_v1_api.TestMobileDeviceEndpoints" name="test_list_devices" time="0.533" /><testcase classname="backend.tests.test_mobile_v1_api.TestMobileDeviceEndpoints" name="test_update_push_token" time="0.544" /><testcase classname="backend.tests.test_mobile_v1_api.TestMobileDeviceEndpoints" name="test_update_push_token_not_found" time="0.468" /><testcase classname="backend.tests.test_mobile_v1_api.TestMobileDeviceEndpoints" name="test_devices_unauthorized" time="0.450" /><testcase classname="backend.tests.test_mobile_v1_api.TestMobileNotificationPreferences" name="test_get_notification_preferences" time="0.457" /><testcase classname="backend.tests.test_mobile_v1_api.TestMobileNotificationPreferences" name="test_update_notification_preferences" time="0.433" /><testcase classname="backend.tests.test_mobile_v1_api.TestMobileNotificationPreferences" name="test_update_preferences_partial" time="0.428" /><testcase classname="backend.tests.test_mobile_v1_api.TestMobileNotificationPreferences" name="test_preferences_unauthorized" time="0.425" /><testcase classname="backend.tests.test_mobile_v1_api.TestMobileMetricsEndpoints" name="test_get_metrics_summary" time="0.425" /><testcase classname="backend.tests.test_mobile_v1_api.TestMobileMetricsEndpoints" name="test_get_metrics_summary_custom_period" time="0.447" /><testcase classname="backend.tests.test_mobile_v1_api.TestMobileMetricsEndpoints" name="test_metrics_unauthorized" time="0.459" /></testsuite></testsuites>