<?xml version="1.0" encoding="utf-8"?><testsuites name="pytest tests"><testsuite name="pytest" errors="0" failures="0" skipped="0" tests="16" time="47.485" timestamp="2026-03-29T15:08:26.577288+00:00" hostname="agent-env-044a6354-87b5-444f-b126-cad4f300f93b"><testcase classname="backend.tests.test_mobile_optimization.TestMobileBootstrapDemo" name="test_bootstrap_demo_returns_200" time="14.872" /><testcase classname="backend.tests.test_mobile_optimization.TestMobileBootstrapDemo" name="test_bootstrap_demo_has_user_object" time="0.135" /><testcase classname="backend.tests.test_mobile_optimization.TestMobileBootstrapDemo" name="test_bootstrap_demo_has_followed_strategies" time="10.546" /><testcase classname="backend.tests.test_mobile_optimization.TestMobileBootstrapDemo" name="test_bootstrap_demo_has_unread_alerts" time="18.314" /><testcase classname="backend.tests.test_mobile_optimization.TestMobileBootstrapDemo" name="test_bootstrap_demo_has_feature_flags" time="0.161" /><testcase classname="backend.tests.test_mobile_optimization.TestMobileBootstrapDemo" name="test_bootstrap_demo_has_strategies_summary" time="0.157" /><testcase classname="backend.tests.test_mobile_optimization.TestMobileBootstrapDemo" name="test_bootstrap_demo_has_timestamp" time="0.144" /><testcase classname="backend.tests.test_mobile_optimization.TestMobileBootstrapAuth" name="test_bootstrap_without_auth_returns_401" time="0.100" /><testcase classname="backend.tests.test_mobile_optimization.TestMobileBootstrapAuth" name="test_bootstrap_with_invalid_token_returns_401" time="0.104" /><testcase classname="backend.tests.test_mobile_optimization.TestMobileBootstrapAuth" name="test_bootstrap_with_valid_token_returns_200" time="0.477" /><testcase classname="backend.tests.test_mobile_optimization.TestMobileBootstrapAuth" name="test_bootstrap_auth_has_correct_user_data" time="0.480" /><testcase classname="backend.tests.test_mobile_optimization.TestMobileRefresh" name="test_refresh_without_body_returns_400" time="0.132" /><testcase classname="backend.tests.test_mobile_optimization.TestMobileRefresh" name="test_refresh_without_token_returns_400" time="0.161" /><testcase classname="backend.tests.test_mobile_optimization.TestMobileRefresh" name="test_refresh_with_invalid_token_returns_401" time="0.117" /><testcase classname="backend.tests.test_mobile_optimization.TestMobileRefresh" name="test_refresh_with_valid_token_returns_new_access_token" time="1.008" /><testcase classname="backend.tests.test_mobile_optimization.TestMobileRefresh" name="test_refresh_returns_user_tier" time="0.451" /></testsuite></testsuites>