<?xml version="1.0" encoding="utf-8"?><testsuites name="pytest tests"><testsuite name="pytest" errors="0" failures="0" skipped="0" tests="32" time="7.560" timestamp="2026-03-27T14:28:43.726520+00:00" hostname="agent-env-0aeb79ea-abfd-4801-89ce-41782f1e94d4"><testcase classname="tests.test_orders_leaderboard.TestOrdersAPI" name="test_create_stop_loss_order" time="2.357" /><testcase classname="tests.test_orders_leaderboard.TestOrdersAPI" name="test_create_take_profit_order" time="0.141" /><testcase classname="tests.test_orders_leaderboard.TestOrdersAPI" name="test_create_live_trading_order" time="0.133" /><testcase classname="tests.test_orders_leaderboard.TestOrdersAPI" name="test_create_order_with_trade_id" time="0.102" /><testcase classname="tests.test_orders_leaderboard.TestOrdersAPI" name="test_create_order_invalid_order_type" time="0.201" /><testcase classname="tests.test_orders_leaderboard.TestOrdersAPI" name="test_create_order_invalid_trading_mode" time="0.104" /><testcase classname="tests.test_orders_leaderboard.TestOrdersAPI" name="test_get_active_orders" time="0.111" /><testcase classname="tests.test_orders_leaderboard.TestOrdersAPI" name="test_get_active_orders_filter_by_symbol" time="0.105" /><testcase classname="tests.test_orders_leaderboard.TestOrdersAPI" name="test_get_order_history" time="0.117" /><testcase classname="tests.test_orders_leaderboard.TestOrdersAPI" name="test_cancel_order" time="0.221" /><testcase classname="tests.test_orders_leaderboard.TestOrdersAPI" name="test_cancel_nonexistent_order" time="0.118" /><testcase classname="tests.test_orders_leaderboard.TestOrdersAPI" name="test_cancel_order_wrong_user" time="0.242" /><testcase classname="tests.test_orders_leaderboard.TestOrdersAPI" name="test_get_order_stats" time="0.103" /><testcase classname="tests.test_orders_leaderboard.TestLeaderboardAPI" name="test_get_leaderboard_default" time="0.121" /><testcase classname="tests.test_orders_leaderboard.TestLeaderboardAPI" name="test_get_leaderboard_daily" time="0.103" /><testcase classname="tests.test_orders_leaderboard.TestLeaderboardAPI" name="test_get_leaderboard_weekly" time="0.134" /><testcase classname="tests.test_orders_leaderboard.TestLeaderboardAPI" name="test_get_leaderboard_monthly" time="0.113" /><testcase classname="tests.test_orders_leaderboard.TestLeaderboardAPI" name="test_get_leaderboard_sort_by_win_rate" time="0.107" /><testcase classname="tests.test_orders_leaderboard.TestLeaderboardAPI" name="test_get_leaderboard_sort_by_roi" time="0.097" /><testcase classname="tests.test_orders_leaderboard.TestLeaderboardAPI" name="test_get_leaderboard_sort_by_total_trades" time="0.101" /><testcase classname="tests.test_orders_leaderboard.TestLeaderboardAPI" name="test_get_leaderboard_free_user_limit" time="0.111" /><testcase classname="tests.test_orders_leaderboard.TestLeaderboardAPI" name="test_get_leaderboard_pro_user_full_access" time="0.129" /><testcase classname="tests.test_orders_leaderboard.TestLeaderboardAPI" name="test_get_leaderboard_elite_user_full_access" time="0.170" /><testcase classname="tests.test_orders_leaderboard.TestLeaderboardAPI" name="test_get_leaderboard_pagination" time="0.109" /><testcase classname="tests.test_orders_leaderboard.TestLeaderboardAPI" name="test_get_trader_profile_not_found" time="0.095" /><testcase classname="tests.test_orders_leaderboard.TestLeaderboardAPI" name="test_get_my_rank" time="0.107" /><testcase classname="tests.test_orders_leaderboard.TestLeaderboardAPI" name="test_get_top_performers" time="0.119" /><testcase classname="tests.test_orders_leaderboard.TestLeaderboardAPI" name="test_get_top_performers_custom_limit" time="0.103" /><testcase classname="tests.test_orders_leaderboard.TestLeaderboardAPI" name="test_update_leaderboard_settings" time="0.106" /><testcase classname="tests.test_orders_leaderboard.TestLeaderboardAPI" name="test_toggle_profile_visibility" time="0.210" /><testcase classname="tests.test_orders_leaderboard.TestLeaderboardAPI" name="test_refresh_user_stats" time="0.109" /><testcase classname="tests.test_orders_leaderboard.TestOrderLeaderboardIntegration" name="test_order_creation_flow" time="1.247" /></testsuite></testsuites>