<?xml version="1.0" encoding="utf-8"?><testsuites name="pytest tests"><testsuite name="pytest" errors="0" failures="1" skipped="0" tests="18" time="60.741" timestamp="2026-04-04T16:44:14.401186+00:00" hostname="agent-env-c0967625-3248-4568-9338-edd4e27c0540"><testcase classname="backend.tests.test_phase2_features.TestReferralCommissionTracking" name="test_track_conversion_endpoint_exists" time="7.392" /><testcase classname="backend.tests.test_phase2_features.TestReferralCommissionTracking" name="test_track_conversion_no_referral" time="0.134" /><testcase classname="backend.tests.test_phase2_features.TestReferralCommissionTracking" name="test_admin_commission_analytics_endpoint" time="32.746" /><testcase classname="backend.tests.test_phase2_features.TestReferralCommissionTracking" name="test_admin_commission_analytics_invalid_key" time="0.139" /><testcase classname="backend.tests.test_phase2_features.TestReferralCommissionTracking" name="test_admin_commission_analytics_time_ranges" time="0.325" /><testcase classname="backend.tests.test_phase2_features.TestInvoiceGeneration" name="test_list_invoices_endpoint" time="0.441" /><testcase classname="backend.tests.test_phase2_features.TestInvoiceGeneration" name="test_generate_invoice_no_transaction" time="0.412" /><testcase classname="backend.tests.test_phase2_features.TestInvoiceGeneration" name="test_download_invoice_no_invoice" time="0.403" /><testcase classname="backend.tests.test_phase2_features.TestInvoiceGeneration" name="test_invoices_require_auth" time="0.605" /><testcase classname="backend.tests.test_phase2_features.TestWebSocketEvents" name="test_websocket_endpoint_exists" time="0.189" /><testcase classname="backend.tests.test_phase2_features.TestWebSocketEvents" name="test_websocket_receives_events" time="7.447" /><testcase classname="backend.tests.test_phase2_features.TestWebSocketEvents" name="test_websocket_event_types" time="9.469" /><testcase classname="backend.tests.test_phase2_features.TestRegressionChecks" name="test_health_check" time="0.120" /><testcase classname="backend.tests.test_phase2_features.TestRegressionChecks" name="test_landing_page_loads" time="0.104" /><testcase classname="backend.tests.test_phase2_features.TestRegressionChecks" name="test_strategy_leaderboard_endpoint" time="0.138" /><testcase classname="backend.tests.test_phase2_features.TestRegressionChecks" name="test_featured_strategies_endpoint" time="0.103"><failure message="assert 404 == 200&#10; +  where 404 = &lt;Response [404]&gt;.status_code">backend/tests/test_phase2_features.py:321: in test_featured_strategies_endpoint
    assert response.status_code == 200
E   assert 404 == 200
E    +  where 404 = &lt;Response [404]&gt;.status_code</failure></testcase><testcase classname="backend.tests.test_phase2_features.TestRegressionChecks" name="test_login_works" time="0.329" /><testcase classname="backend.tests.test_phase2_features.TestRegressionChecks" name="test_referral_config_endpoint" time="0.123" /></testsuite></testsuites>