<?xml version="1.0" encoding="utf-8"?><testsuites name="pytest tests"><testsuite name="pytest" errors="0" failures="0" skipped="0" tests="22" time="95.116" timestamp="2026-03-22T18:59:10.130244+00:00" hostname="agent-env-0aeb79ea-abfd-4801-89ce-41782f1e94d4"><testcase classname="backend.tests.test_push_notifications.TestNotificationConfig" name="test_get_notification_config_returns_200" time="28.824" /><testcase classname="backend.tests.test_push_notifications.TestNotificationConfig" name="test_config_has_high_confidence_threshold" time="0.114" /><testcase classname="backend.tests.test_push_notifications.TestNotificationConfig" name="test_config_has_notification_types" time="10.391" /><testcase classname="backend.tests.test_push_notifications.TestNotificationConfig" name="test_notification_type_structure" time="12.142" /><testcase classname="backend.tests.test_push_notifications.TestNotificationPreferences" name="test_get_preferences_returns_200" time="9.413" /><testcase classname="backend.tests.test_push_notifications.TestNotificationPreferences" name="test_get_preferences_returns_defaults" time="0.139" /><testcase classname="backend.tests.test_push_notifications.TestNotificationPreferences" name="test_get_preferences_has_quiet_hours" time="0.119" /><testcase classname="backend.tests.test_push_notifications.TestNotificationPreferences" name="test_update_preferences_push_enabled" time="0.257" /><testcase classname="backend.tests.test_push_notifications.TestNotificationPreferences" name="test_update_preferences_high_confidence_alerts" time="0.301" /><testcase classname="backend.tests.test_push_notifications.TestNotificationPreferences" name="test_update_preferences_signal_alerts" time="0.267" /><testcase classname="backend.tests.test_push_notifications.TestNotificationPreferences" name="test_update_preferences_trade_confirmations" time="0.245" /><testcase classname="backend.tests.test_push_notifications.TestNotificationPreferences" name="test_update_preferences_price_alerts" time="0.214" /><testcase classname="backend.tests.test_push_notifications.TestNotificationPreferences" name="test_update_quiet_hours_enabled" time="0.220" /><testcase classname="backend.tests.test_push_notifications.TestNotificationPreferences" name="test_update_quiet_hours_times" time="0.251" /><testcase classname="backend.tests.test_push_notifications.TestTestNotification" name="test_send_test_notification_returns_200" time="0.106" /><testcase classname="backend.tests.test_push_notifications.TestTestNotification" name="test_send_test_notification_response_structure" time="0.104" /><testcase classname="backend.tests.test_push_notifications.TestTestNotification" name="test_send_test_notification_no_devices" time="0.116" /><testcase classname="backend.tests.test_push_notifications.TestHighConfidenceSignalNotification" name="test_high_confidence_threshold_is_75" time="0.327" /><testcase classname="backend.tests.test_push_notifications.TestHighConfidenceSignalNotification" name="test_pro_user_has_high_confidence_alerts_enabled" time="0.323" /><testcase classname="backend.tests.test_push_notifications.TestHighConfidenceSignalNotification" name="test_signal_generation_triggers_notification_for_high_confidence" time="0.476" /><testcase classname="backend.tests.test_push_notifications.TestPushNotificationService" name="test_notification_types_enum" time="10.813" /><testcase classname="backend.tests.test_push_notifications.TestPushNotificationService" name="test_preferences_persistence" time="19.874" /></testsuite></testsuites>