<?xml version="1.0" encoding="utf-8"?><testsuites name="pytest tests"><testsuite name="pytest" errors="0" failures="0" skipped="0" tests="46" time="6.976" timestamp="2026-03-10T16:55:06.022442+00:00" hostname="agent-env-3471dcc3-837c-4000-81a6-a5c5325bf8d3"><testcase classname="backend.tests.test_alphaai_api.TestHealthAndRoot" name="test_api_root" time="0.273" /><testcase classname="backend.tests.test_alphaai_api.TestSimulationEngine" name="test_get_simulation_config" time="0.120" /><testcase classname="backend.tests.test_alphaai_api.TestSimulationEngine" name="test_start_simulation" time="0.189" /><testcase classname="backend.tests.test_alphaai_api.TestSimulationEngine" name="test_get_simulation_stats" time="0.152" /><testcase classname="backend.tests.test_alphaai_api.TestSimulationEngine" name="test_run_simulation_cycle" time="0.155" /><testcase classname="backend.tests.test_alphaai_api.TestSimulationEngine" name="test_stop_simulation" time="0.115" /><testcase classname="backend.tests.test_alphaai_api.TestSimulationEngine" name="test_switch_mode_paper" time="0.141" /><testcase classname="backend.tests.test_alphaai_api.TestSimulationEngine" name="test_switch_mode_testnet" time="0.110" /><testcase classname="backend.tests.test_alphaai_api.TestSimulationEngine" name="test_switch_mode_invalid" time="0.103" /><testcase classname="backend.tests.test_alphaai_api.TestSimulationEngine" name="test_get_simulation_logs" time="0.121" /><testcase classname="backend.tests.test_alphaai_api.TestSimulationEngine" name="test_get_agent_interactions" time="0.147" /><testcase classname="backend.tests.test_alphaai_api.TestStrategyLab" name="test_get_strategies" time="0.154" /><testcase classname="backend.tests.test_alphaai_api.TestStrategyLab" name="test_generate_strategy" time="0.132" /><testcase classname="backend.tests.test_alphaai_api.TestStrategyLab" name="test_get_strategy_rankings" time="0.135" /><testcase classname="backend.tests.test_alphaai_api.TestStrategyLab" name="test_auto_deploy_top_strategies" time="0.214" /><testcase classname="backend.tests.test_alphaai_api.TestRiskManagement" name="test_get_risk_config" time="0.221" /><testcase classname="backend.tests.test_alphaai_api.TestRiskManagement" name="test_update_risk_config" time="0.124" /><testcase classname="backend.tests.test_alphaai_api.TestRiskManagement" name="test_get_risk_alerts" time="0.149" /><testcase classname="backend.tests.test_alphaai_api.TestRiskManagement" name="test_get_portfolio_risk_status" time="0.126" /><testcase classname="backend.tests.test_alphaai_api.TestCapitalAllocation" name="test_get_capital_allocations" time="0.221" /><testcase classname="backend.tests.test_alphaai_api.TestCapitalAllocation" name="test_rebalance_capital" time="0.129" /><testcase classname="backend.tests.test_alphaai_api.TestExecutionOptimization" name="test_get_execution_stats" time="0.126" /><testcase classname="backend.tests.test_alphaai_api.TestExecutionOptimization" name="test_simulate_trade_execution" time="0.126" /><testcase classname="backend.tests.test_alphaai_api.TestExecutionOptimization" name="test_simulate_trade_execution_sell" time="0.139" /><testcase classname="backend.tests.test_alphaai_api.TestMarketData" name="test_get_top_coins" time="0.230" /><testcase classname="backend.tests.test_alphaai_api.TestInvestorManagement" name="test_register_investor" time="0.160" /><testcase classname="backend.tests.test_alphaai_api.TestInvestorManagement" name="test_get_investor" time="0.191" /><testcase classname="backend.tests.test_alphaai_api.TestInvestorManagement" name="test_deposit_funds" time="0.136" /><testcase classname="backend.tests.test_alphaai_api.TestInvestorManagement" name="test_deposit_below_minimum" time="0.162" /><testcase classname="backend.tests.test_alphaai_api.TestInvestorManagement" name="test_withdraw_funds" time="0.112" /><testcase classname="backend.tests.test_alphaai_api.TestInvestorManagement" name="test_toggle_paper_trading" time="0.140" /><testcase classname="backend.tests.test_alphaai_api.TestInvestorManagement" name="test_toggle_paper_trading_again" time="0.138" /><testcase classname="backend.tests.test_alphaai_api.TestInvestorManagement" name="test_toggle_paper_trading_invalid_wallet" time="0.116" /><testcase classname="backend.tests.test_alphaai_api.TestFundManagement" name="test_get_fund_stats" time="0.141" /><testcase classname="backend.tests.test_alphaai_api.TestFundManagement" name="test_get_fund_allocation" time="0.178" /><testcase classname="backend.tests.test_alphaai_api.TestFundManagement" name="test_get_performance_history" time="0.121" /><testcase classname="backend.tests.test_alphaai_api.TestTradingAgents" name="test_get_agents" time="0.174" /><testcase classname="backend.tests.test_alphaai_api.TestTradingAgents" name="test_get_trades" time="0.126" /><testcase classname="backend.tests.test_alphaai_api.TestReports" name="test_get_daily_report" time="0.159" /><testcase classname="backend.tests.test_alphaai_api.TestReports" name="test_get_weekly_report" time="0.139" /><testcase classname="backend.tests.test_alphaai_api.TestReports" name="test_get_report_history" time="0.124" /><testcase classname="backend.tests.test_alphaai_api.TestMarketplace" name="test_get_marketplace_agents" time="0.136" /><testcase classname="backend.tests.test_alphaai_api.TestAnalytics" name="test_get_analytics_overview" time="0.118" /><testcase classname="backend.tests.test_alphaai_api.TestPaperTrading" name="test_get_paper_portfolio" time="0.152" /><testcase classname="backend.tests.test_alphaai_api.TestPaperTrading" name="test_execute_paper_trade" time="0.118" /><testcase classname="backend.tests.test_alphaai_api.TestPaperTrading" name="test_reset_paper_portfolio" time="0.114" /></testsuite></testsuites>