<?xml version="1.0" encoding="utf-8"?><testsuites name="pytest tests"><testsuite name="pytest" errors="0" failures="0" skipped="0" tests="19" time="0.334" timestamp="2026-04-23T13:52:57.380641+00:00" hostname="agent-env-c5cd54e4-13bd-4b2d-a2a1-c2aabd271be3"><testcase classname="tests.backend_test.TestHealth" name="test_health_ok" time="0.007" /><testcase classname="tests.backend_test.TestVibesTop" name="test_top_returns_three_slots" time="0.014" /><testcase classname="tests.backend_test.TestVibesTop" name="test_live_music_is_best_live_music_category" time="0.003" /><testcase classname="tests.backend_test.TestVibesTop" name="test_live_music_fallback_to_best_overall" time="0.003" /><testcase classname="tests.backend_test.TestVibesTop" name="test_out_of_range_returns_all_null" time="0.002" /><testcase classname="tests.backend_test.TestVibesTop" name="test_lat_out_of_range_422" time="0.003" /><testcase classname="tests.backend_test.TestVibesTop" name="test_lng_out_of_range_422" time="0.002" /><testcase classname="tests.backend_test.TestFeedback" name="test_busy_vote_updates_score" time="0.013" /><testcase classname="tests.backend_test.TestFeedback" name="test_dead_lowers_and_good_raises" time="0.018" /><testcase classname="tests.backend_test.TestFeedback" name="test_invalid_vote_422" time="0.001" /><testcase classname="tests.backend_test.TestFeedback" name="test_unknown_venue_404" time="0.002" /><testcase classname="tests.backend_test.TestAdmin" name="test_list_venues_shape" time="0.000" /><testcase classname="tests.backend_test.TestAdmin" name="test_create_and_update_signals_recomputes_score" time="0.078" /><testcase classname="tests.backend_test.TestAdmin" name="test_update_signals_unknown_id_404" time="0.002" /><testcase classname="tests.backend_test.TestScoringMath" name="test_seeded_scores_match_weighted_formula" time="0.000" /><testcase classname="tests.backend_test.TestScoringMath" name="test_crowd_level_bands" time="0.000" /><testcase classname="tests.backend_test.TestDocs" name="test_branded_docs_html" time="0.001" /><testcase classname="tests.backend_test.TestDocs" name="test_static_css_served" time="0.004" /><testcase classname="tests.backend_test.TestDocs" name="test_openapi_schema" time="0.007" /></testsuite></testsuites>