<?xml version="1.0" encoding="utf-8"?><testsuites name="pytest tests"><testsuite name="pytest" errors="0" failures="0" skipped="0" tests="15" time="29.699" timestamp="2026-03-29T00:03:36.383505+00:00" hostname="agent-env-735c0767-6079-42cc-8374-4c52bf37f50a"><testcase classname="tests.test_refactored_endpoints.TestRootAndHealth" name="test_root_endpoint" time="8.559" /><testcase classname="tests.test_refactored_endpoints.TestAuthEndpoints" name="test_login_success" time="19.336" /><testcase classname="tests.test_refactored_endpoints.TestAuthEndpoints" name="test_login_invalid_credentials" time="0.290" /><testcase classname="tests.test_refactored_endpoints.TestSignalEndpoints" name="test_free_signals" time="0.156" /><testcase classname="tests.test_refactored_endpoints.TestSimulationEndpoints" name="test_simulation_config" time="0.122" /><testcase classname="tests.test_refactored_endpoints.TestStrategyLabEndpoints" name="test_lab_strategies" time="0.114" /><testcase classname="tests.test_refactored_endpoints.TestAnalyticsEndpoints" name="test_analytics_summary" time="0.114" /><testcase classname="tests.test_refactored_endpoints.TestWeb3Endpoints" name="test_contract_info" time="0.135" /><testcase classname="tests.test_refactored_endpoints.TestWeb3Endpoints" name="test_contract_abi" time="0.108" /><testcase classname="tests.test_refactored_endpoints.TestLeaderboardEndpoints" name="test_leaderboard" time="0.111" /><testcase classname="tests.test_refactored_endpoints.TestEventAgentsEndpoints" name="test_event_agents" time="0.119" /><testcase classname="tests.test_refactored_endpoints.TestFundEndpoints" name="test_fund_stats" time="0.106" /><testcase classname="tests.test_refactored_endpoints.TestResearchEndpoints" name="test_research_data_sources" time="0.105" /><testcase classname="tests.test_refactored_endpoints.TestNotificationsEndpoints" name="test_notifications_config" time="0.139" /><testcase classname="tests.test_refactored_endpoints.TestMarketingEndpoints" name="test_marketing_assets" time="0.108" /></testsuite></testsuites>