<?xml version="1.0" encoding="utf-8"?><testsuites name="pytest tests"><testsuite name="pytest" errors="0" failures="0" skipped="0" tests="19" time="1.539" timestamp="2026-03-22T18:03:48.247958+00:00" hostname="agent-env-ab4b1a4f-0d03-4663-befe-75c2e74697b2"><testcase classname="backend.tests.test_referrals_api.TestPublicReferralEndpoints" name="test_get_referral_config" time="0.204" /><testcase classname="backend.tests.test_referrals_api.TestPublicReferralEndpoints" name="test_validate_referral_code_valid" time="0.047" /><testcase classname="backend.tests.test_referrals_api.TestPublicReferralEndpoints" name="test_validate_referral_code_invalid" time="0.062" /><testcase classname="backend.tests.test_referrals_api.TestPublicReferralEndpoints" name="test_track_referral_click_valid" time="0.043" /><testcase classname="backend.tests.test_referrals_api.TestPublicReferralEndpoints" name="test_track_referral_click_invalid" time="0.048" /><testcase classname="backend.tests.test_referrals_api.TestPublicReferralEndpoints" name="test_get_leaderboard" time="0.046" /><testcase classname="backend.tests.test_referrals_api.TestPublicReferralEndpoints" name="test_get_leaderboard_with_limit" time="0.054" /><testcase classname="backend.tests.test_referrals_api.TestAuthenticatedReferralEndpoints" name="test_create_referral_code" time="0.348" /><testcase classname="backend.tests.test_referrals_api.TestAuthenticatedReferralEndpoints" name="test_get_referral_stats" time="0.065" /><testcase classname="backend.tests.test_referrals_api.TestAuthenticatedReferralEndpoints" name="test_get_referral_activity" time="0.045" /><testcase classname="backend.tests.test_referrals_api.TestAuthenticatedReferralEndpoints" name="test_get_referral_activity_with_pagination" time="0.044" /><testcase classname="backend.tests.test_referrals_api.TestAuthenticatedReferralEndpoints" name="test_get_earnings_breakdown" time="0.046" /><testcase classname="backend.tests.test_referrals_api.TestAuthenticatedReferralEndpoints" name="test_stats_without_auth_fails" time="0.045" /><testcase classname="backend.tests.test_referrals_api.TestReferralTrackingFlow" name="test_track_signup_new_user" time="0.045" /><testcase classname="backend.tests.test_referrals_api.TestReferralTrackingFlow" name="test_track_signup_duplicate_user" time="0.046" /><testcase classname="backend.tests.test_referrals_api.TestReferralTrackingFlow" name="test_track_signup_invalid_code" time="0.046" /><testcase classname="backend.tests.test_referrals_api.TestReferralTrackingFlow" name="test_track_conversion" time="0.098" /><testcase classname="backend.tests.test_referrals_api.TestReferralTrackingFlow" name="test_track_conversion_no_referral" time="0.046" /><testcase classname="backend.tests.test_referrals_api.TestTierProgression" name="test_tier_commission_rates" time="0.053" /></testsuite></testsuites>