<?xml version="1.0" encoding="utf-8"?><testsuites name="pytest tests"><testsuite name="pytest" errors="0" failures="0" skipped="0" tests="11" time="2.009" timestamp="2026-03-29T15:44:17.324957+00:00" hostname="agent-env-f9d8aa93-05dc-4290-b91a-1df24005e329"><testcase classname="backend.tests.test_smart_prefetch_features.TestLeaderboardAPI" name="test_leaderboard_demo_mode" time="0.167" /><testcase classname="backend.tests.test_smart_prefetch_features.TestLeaderboardAPI" name="test_leaderboard_strategy_metrics" time="0.103" /><testcase classname="backend.tests.test_smart_prefetch_features.TestLeaderboardAPI" name="test_leaderboard_sorting" time="0.506" /><testcase classname="backend.tests.test_smart_prefetch_features.TestStrategyDetailAPI" name="test_strategy_detail_demo" time="0.523" /><testcase classname="backend.tests.test_smart_prefetch_features.TestStrategyDetailAPI" name="test_strategy_detail_has_equity_curve" time="0.107" /><testcase classname="backend.tests.test_smart_prefetch_features.TestMobileBootstrapAPI" name="test_bootstrap_demo_mode" time="0.112" /><testcase classname="backend.tests.test_smart_prefetch_features.TestMobileBootstrapAPI" name="test_bootstrap_has_strategies_summary" time="0.135" /><testcase classname="backend.tests.test_smart_prefetch_features.TestFollowingAPI" name="test_following_ids_demo" time="0.103" /><testcase classname="backend.tests.test_smart_prefetch_features.TestTTLCacheValues" name="test_ttl_values_documented" time="0.000" /><testcase classname="backend.tests.test_smart_prefetch_features.TestSmartPrefetchEndpoints" name="test_prefetch_leaderboard_top3" time="0.096" /><testcase classname="backend.tests.test_smart_prefetch_features.TestSmartPrefetchEndpoints" name="test_prefetch_strategy_detail" time="0.105" /></testsuite></testsuites>