<?xml version="1.0" encoding="utf-8"?><testsuites name="pytest tests"><testsuite name="pytest" errors="0" failures="0" skipped="0" tests="20" time="39.620" timestamp="2026-04-04T16:20:54.199078+00:00" hostname="agent-env-c0967625-3248-4568-9338-edd4e27c0540"><testcase classname="backend.tests.test_strategy_leaderboard.TestStrategyLeaderboard" name="test_leaderboard_returns_200" time="8.054" /><testcase classname="backend.tests.test_strategy_leaderboard.TestStrategyLeaderboard" name="test_leaderboard_returns_strategies_array" time="0.130" /><testcase classname="backend.tests.test_strategy_leaderboard.TestStrategyLeaderboard" name="test_leaderboard_has_public_strategies" time="9.747" /><testcase classname="backend.tests.test_strategy_leaderboard.TestStrategyLeaderboard" name="test_strategies_have_perf_data" time="19.305" /><testcase classname="backend.tests.test_strategy_leaderboard.TestStrategyLeaderboard" name="test_strategies_have_required_fields" time="0.176" /><testcase classname="backend.tests.test_strategy_leaderboard.TestStrategyLeaderboard" name="test_default_sort_by_total_return_desc" time="0.117" /><testcase classname="backend.tests.test_strategy_leaderboard.TestStrategyLeaderboard" name="test_sort_by_sharpe_ratio_asc" time="0.114" /><testcase classname="backend.tests.test_strategy_leaderboard.TestStrategyLeaderboard" name="test_sort_by_sharpe_ratio_desc" time="0.114" /><testcase classname="backend.tests.test_strategy_leaderboard.TestStrategyLeaderboard" name="test_sort_by_win_rate_desc" time="0.122" /><testcase classname="backend.tests.test_strategy_leaderboard.TestStrategyLeaderboard" name="test_sort_by_win_rate_asc" time="0.121" /><testcase classname="backend.tests.test_strategy_leaderboard.TestStrategyLeaderboard" name="test_sort_by_max_drawdown_desc" time="0.129" /><testcase classname="backend.tests.test_strategy_leaderboard.TestStrategyLeaderboard" name="test_sort_by_max_drawdown_asc" time="0.127" /><testcase classname="backend.tests.test_strategy_leaderboard.TestStrategyLeaderboard" name="test_invalid_sort_field_defaults_to_total_return" time="0.106" /><testcase classname="backend.tests.test_strategy_leaderboard.TestStrategyLeaderboard" name="test_featured_strategies_in_leaderboard" time="0.125" /><testcase classname="backend.tests.test_strategy_leaderboard.TestStrategyLeaderboard" name="test_pre_existing_strategies_in_leaderboard" time="0.113" /><testcase classname="backend.tests.test_strategy_leaderboard.TestStrategyDetailFromLeaderboard" name="test_strategy_detail_accessible" time="0.225" /><testcase classname="backend.tests.test_strategy_leaderboard.TestNoRegression" name="test_health_endpoint" time="0.113" /><testcase classname="backend.tests.test_strategy_leaderboard.TestNoRegression" name="test_featured_endpoint" time="0.106" /><testcase classname="backend.tests.test_strategy_leaderboard.TestNoRegression" name="test_marketplace_strategies_list" time="0.116" /><testcase classname="backend.tests.test_strategy_leaderboard.TestNoRegression" name="test_login_works" time="0.360" /></testsuite></testsuites>