<?xml version="1.0" encoding="utf-8"?><testsuites name="pytest tests"><testsuite name="pytest" errors="0" failures="0" skipped="0" tests="12" time="31.238" timestamp="2026-03-29T10:39:28.423230+00:00" hostname="agent-env-7f8bba96-e060-4c23-b883-835efab2cdfc"><testcase classname="backend.tests.test_strategy_leaderboard.TestStrategyLeaderboardDemoMode" name="test_get_strategies_demo_mode_default_sort" time="9.621" /><testcase classname="backend.tests.test_strategy_leaderboard.TestStrategyLeaderboardDemoMode" name="test_get_strategies_demo_sort_by_total_return_desc" time="10.480" /><testcase classname="backend.tests.test_strategy_leaderboard.TestStrategyLeaderboardDemoMode" name="test_get_strategies_demo_sort_by_win_rate" time="9.832" /><testcase classname="backend.tests.test_strategy_leaderboard.TestStrategyLeaderboardDemoMode" name="test_get_strategies_demo_sort_by_max_drawdown" time="0.114" /><testcase classname="backend.tests.test_strategy_leaderboard.TestStrategyLeaderboardDemoMode" name="test_get_single_strategy_demo_mode" time="0.108" /><testcase classname="backend.tests.test_strategy_leaderboard.TestStrategyLeaderboardDemoMode" name="test_get_single_strategy_not_found_demo" time="0.109" /><testcase classname="backend.tests.test_strategy_leaderboard.TestStrategyLeaderboardRealMode" name="test_get_strategies_real_mode" time="0.100" /><testcase classname="backend.tests.test_strategy_leaderboard.TestStrategyLeaderboardRealMode" name="test_post_strategy_to_leaderboard" time="0.202" /><testcase classname="backend.tests.test_strategy_leaderboard.TestStrategyLeaderboardRealMode" name="test_post_strategy_auto_generates_id" time="0.114" /><testcase classname="backend.tests.test_strategy_leaderboard.TestBacktestAutoPushToLeaderboard" name="test_simulation_backtest_pushes_to_leaderboard" time="0.283" /><testcase classname="backend.tests.test_strategy_leaderboard.TestStrategyLeaderboardDataValidation" name="test_demo_strategy_has_all_required_fields" time="0.105" /><testcase classname="backend.tests.test_strategy_leaderboard.TestStrategyLeaderboardDataValidation" name="test_demo_strategy_types_are_valid" time="0.095" /></testsuite></testsuites>