<?xml version="1.0" encoding="utf-8"?><testsuites name="pytest tests"><testsuite name="pytest" errors="0" failures="0" skipped="1" tests="21" time="2.777" timestamp="2026-03-29T16:18:28.206576+00:00" hostname="agent-env-f9d8aa93-05dc-4290-b91a-1df24005e329"><testcase classname="tests.test_stripe_webhook_api.TestWebhookSimulationAuth" name="test_webhook_test_without_admin_key_returns_403" time="0.141" /><testcase classname="tests.test_stripe_webhook_api.TestWebhookSimulationAuth" name="test_webhook_events_without_admin_key_returns_403" time="0.108" /><testcase classname="tests.test_stripe_webhook_api.TestSubscriptionStatusAuth" name="test_subscription_status_without_auth_returns_401" time="0.108" /><testcase classname="tests.test_stripe_webhook_api.TestCheckoutSessionCompleted" name="test_checkout_session_completed" time="0.110" /><testcase classname="tests.test_stripe_webhook_api.TestSubscriptionCreated" name="test_subscription_created_trialing" time="0.102" /><testcase classname="tests.test_stripe_webhook_api.TestSubscriptionCreated" name="test_subscription_created_active" time="0.121" /><testcase classname="tests.test_stripe_webhook_api.TestSubscriptionUpdated" name="test_subscription_updated_active" time="0.107" /><testcase classname="tests.test_stripe_webhook_api.TestSubscriptionDeleted" name="test_subscription_deleted" time="0.098" /><testcase classname="tests.test_stripe_webhook_api.TestInvoicePaymentSucceeded" name="test_invoice_payment_succeeded" time="0.104" /><testcase classname="tests.test_stripe_webhook_api.TestInvoicePaymentFailed" name="test_invoice_payment_failed" time="0.123" /><testcase classname="tests.test_stripe_webhook_api.TestTrialWillEnd" name="test_trial_will_end" time="0.102" /><testcase classname="tests.test_stripe_webhook_api.TestChargeRefunded" name="test_charge_refunded_full" time="0.116" /><testcase classname="tests.test_stripe_webhook_api.TestChargeRefunded" name="test_charge_refunded_partial" time="0.130"><skipped type="pytest.skip" message="Event was processed as duplicate">/app/backend/tests/test_stripe_webhook_api.py:306: Event was processed as duplicate</skipped></testcase><testcase classname="tests.test_stripe_webhook_api.TestChargeDisputeCreated" name="test_charge_dispute_created" time="0.106" /><testcase classname="tests.test_stripe_webhook_api.TestSubscriptionStatus" name="test_subscription_status_demo_mode" time="0.103" /><testcase classname="tests.test_stripe_webhook_api.TestWebhookEvents" name="test_webhook_events_with_admin_key" time="0.109" /><testcase classname="tests.test_stripe_webhook_api.TestIdempotency" name="test_duplicate_event_skipped" time="0.157" /><testcase classname="tests.test_stripe_webhook_api.TestMobileBootstrap" name="test_mobile_bootstrap_demo_includes_subscription" time="0.104" /><testcase classname="tests.test_stripe_webhook_api.TestExistingEndpointsNotModified" name="test_payments_packages_still_works" time="0.104" /><testcase classname="tests.test_stripe_webhook_api.TestExistingEndpointsNotModified" name="test_payments_checkout_endpoint_exists" time="0.154" /><testcase classname="tests.test_stripe_webhook_api.TestAuthenticatedSubscriptionStatus" name="test_subscription_status_authenticated" time="0.405" /></testsuite></testsuites>