<?xml version="1.0" encoding="utf-8"?><testsuites name="pytest tests"><testsuite name="pytest" errors="0" failures="0" skipped="0" tests="10" time="4.739" timestamp="2026-03-18T12:45:32.221721+00:00" hostname="agent-env-58aacde6-142d-415f-b7c4-38eacb636a84"><testcase classname="backend.tests.test_stripe_payments.TestStripePaymentEndpoints" name="test_get_packages" time="0.139" /><testcase classname="backend.tests.test_stripe_payments.TestStripePaymentEndpoints" name="test_create_checkout_monthly" time="0.632" /><testcase classname="backend.tests.test_stripe_payments.TestStripePaymentEndpoints" name="test_create_checkout_yearly" time="0.544" /><testcase classname="backend.tests.test_stripe_payments.TestStripePaymentEndpoints" name="test_create_checkout_without_wallet" time="0.507" /><testcase classname="backend.tests.test_stripe_payments.TestStripePaymentEndpoints" name="test_create_checkout_invalid_package" time="0.129" /><testcase classname="backend.tests.test_stripe_payments.TestStripePaymentEndpoints" name="test_get_payment_status" time="0.935" /><testcase classname="backend.tests.test_stripe_payments.TestStripePaymentEndpoints" name="test_get_payment_status_invalid_session" time="0.118" /><testcase classname="backend.tests.test_stripe_payments.TestStripePaymentEndpoints" name="test_get_pro_status_nonexistent_user" time="0.118" /><testcase classname="backend.tests.test_stripe_payments.TestStripePaymentEndpoints" name="test_get_pro_status_existing_user" time="0.235" /><testcase classname="backend.tests.test_stripe_payments.TestPaymentIntegrationFlow" name="test_full_checkout_flow_creation" time="1.332" /></testsuite></testsuites>