<?xml version="1.0" encoding="utf-8"?><testsuites name="pytest tests"><testsuite name="pytest" errors="0" failures="0" skipped="0" tests="11" time="31.515" timestamp="2026-03-30T18:42:43.101080+00:00" hostname="agent-env-d83fb23d-8a2c-4a16-b26d-665d377aab24"><testcase classname="backend.tests.test_subscription_health.TestSubscriptionHealthAPI" name="test_subscription_health_returns_200_with_admin_key" time="29.876" /><testcase classname="backend.tests.test_subscription_health.TestSubscriptionHealthAPI" name="test_subscription_health_requires_admin_key" time="0.227" /><testcase classname="backend.tests.test_subscription_health.TestSubscriptionHealthAPI" name="test_subscription_health_rejects_invalid_admin_key" time="0.159" /><testcase classname="backend.tests.test_subscription_health.TestSubscriptionHealthAPI" name="test_subscription_health_response_structure" time="0.148" /><testcase classname="backend.tests.test_subscription_health.TestSubscriptionHealthAPI" name="test_subscription_health_field_types" time="0.123" /><testcase classname="backend.tests.test_subscription_health.TestSubscriptionHealthAPI" name="test_recent_events_structure" time="0.116" /><testcase classname="backend.tests.test_subscription_health.TestSubscriptionHealthAPI" name="test_recent_events_sorted_newest_first" time="0.136" /><testcase classname="backend.tests.test_subscription_health.TestSubscriptionHealthAPI" name="test_no_sensitive_stripe_keys_in_response" time="0.118" /><testcase classname="backend.tests.test_subscription_health.TestSubscriptionHealthAPI" name="test_cache_returns_same_data_quickly" time="0.245" /><testcase classname="backend.tests.test_subscription_health.TestSubscriptionHealthAPI" name="test_mrr_calculation" time="0.148" /><testcase classname="backend.tests.test_subscription_health.TestSubscriptionHealthAPI" name="test_active_subscribers_count" time="0.158" /></testsuite></testsuites>