<?xml version="1.0" encoding="utf-8"?><testsuites name="pytest tests"><testsuite name="pytest" errors="0" failures="0" skipped="0" tests="20" time="67.511" timestamp="2026-04-06T14:35:31.262808+00:00" hostname="agent-env-e82dc5dd-cec6-4426-9ace-5f65664d433b"><testcase classname="backend.tests.test_tour_analytics.TestTourAnalyticsPost" name="test_track_step_view_event" time="29.479" /><testcase classname="backend.tests.test_tour_analytics.TestTourAnalyticsPost" name="test_track_step_next_event" time="0.197" /><testcase classname="backend.tests.test_tour_analytics.TestTourAnalyticsPost" name="test_track_step_back_event" time="22.494" /><testcase classname="backend.tests.test_tour_analytics.TestTourAnalyticsPost" name="test_track_skip_event" time="11.237" /><testcase classname="backend.tests.test_tour_analytics.TestTourAnalyticsPost" name="test_track_complete_event" time="0.144" /><testcase classname="backend.tests.test_tour_analytics.TestTourAnalyticsPost" name="test_track_cta_click_event" time="0.146" /><testcase classname="backend.tests.test_tour_analytics.TestTourAnalyticsPost" name="test_track_restart_event" time="0.111" /><testcase classname="backend.tests.test_tour_analytics.TestTourAnalyticsPost" name="test_track_event_without_session_id" time="0.167" /><testcase classname="backend.tests.test_tour_analytics.TestTourAnalyticsPost" name="test_track_event_missing_required_fields" time="0.147" /><testcase classname="backend.tests.test_tour_analytics.TestTourAnalyticsSummary" name="test_summary_default_days" time="0.116" /><testcase classname="backend.tests.test_tour_analytics.TestTourAnalyticsSummary" name="test_summary_custom_days_7" time="0.135" /><testcase classname="backend.tests.test_tour_analytics.TestTourAnalyticsSummary" name="test_summary_custom_days_90" time="0.126" /><testcase classname="backend.tests.test_tour_analytics.TestTourAnalyticsSummary" name="test_summary_data_types" time="0.143" /><testcase classname="backend.tests.test_tour_analytics.TestTourAnalyticsSummary" name="test_summary_funnel_structure" time="0.106" /><testcase classname="backend.tests.test_tour_analytics.TestTourAnalyticsSummary" name="test_summary_dropoff_structure" time="0.107" /><testcase classname="backend.tests.test_tour_analytics.TestTourAnalyticsSummary" name="test_summary_daily_structure" time="0.109" /><testcase classname="backend.tests.test_tour_analytics.TestTourAnalyticsSummary" name="test_summary_no_division_by_zero" time="0.111" /><testcase classname="backend.tests.test_tour_analytics.TestTourAnalyticsSummary" name="test_summary_invalid_days_too_low" time="0.122" /><testcase classname="backend.tests.test_tour_analytics.TestTourAnalyticsSummary" name="test_summary_invalid_days_too_high" time="0.114" /><testcase classname="backend.tests.test_tour_analytics.TestTourAnalyticsIntegration" name="test_full_tour_flow_tracking" time="2.108" /></testsuite></testsuites>