<?xml version="1.0" encoding="utf-8"?><testsuites name="pytest tests"><testsuite name="pytest" errors="0" failures="0" skipped="0" tests="16" time="3.749" timestamp="2026-03-21T13:16:51.289949+00:00" hostname="agent-env-58aacde6-142d-415f-b7c4-38eacb636a84"><testcase classname="backend.tests.test_trading_api.TestTradingMode" name="test_get_trading_mode" time="0.205" /><testcase classname="backend.tests.test_trading_api.TestTradingMode" name="test_set_trading_mode_simulation" time="0.108" /><testcase classname="backend.tests.test_trading_api.TestTradingMode" name="test_set_trading_mode_live" time="0.212" /><testcase classname="backend.tests.test_trading_api.TestTradingMode" name="test_set_invalid_trading_mode" time="0.094" /><testcase classname="backend.tests.test_trading_api.TestTradeExecution" name="test_execute_paper_trade_buy" time="0.277" /><testcase classname="backend.tests.test_trading_api.TestTradeExecution" name="test_execute_paper_trade_sell" time="0.187" /><testcase classname="backend.tests.test_trading_api.TestTradeExecution" name="test_execute_trade_with_slippage" time="0.176" /><testcase classname="backend.tests.test_trading_api.TestTradeExecution" name="test_execute_trade_unregistered_wallet" time="0.097" /><testcase classname="backend.tests.test_trading_api.TestPositions" name="test_get_positions" time="0.249" /><testcase classname="backend.tests.test_trading_api.TestPositions" name="test_get_positions_paper_only" time="0.247" /><testcase classname="backend.tests.test_trading_api.TestPortfolio" name="test_get_portfolio_summary" time="0.251" /><testcase classname="backend.tests.test_trading_api.TestPortfolio" name="test_get_portfolio_live_vs_paper" time="0.453" /><testcase classname="backend.tests.test_trading_api.TestTradeHistory" name="test_get_trade_history" time="0.102" /><testcase classname="backend.tests.test_trading_api.TestTradeHistory" name="test_get_trade_history_with_limit" time="0.110" /><testcase classname="backend.tests.test_trading_api.TestSupportedTokens" name="test_get_supported_tokens" time="0.095" /><testcase classname="backend.tests.test_trading_api.TestEndToEndTradingFlow" name="test_complete_trading_flow" time="0.821" /></testsuite></testsuites>