<?xml version="1.0" encoding="utf-8"?><testsuites name="pytest tests"><testsuite name="pytest" errors="0" failures="0" skipped="0" tests="12" time="34.858" timestamp="2026-03-29T12:35:37.439363+00:00" hostname="agent-env-044a6354-87b5-444f-b126-cad4f300f93b"><testcase classname="tests.test_traffic_analytics.TestTrafficEventsEndpoint" name="test_post_event_anonymous" time="32.543" /><testcase classname="tests.test_traffic_analytics.TestTrafficEventsEndpoint" name="test_post_event_with_auth" time="0.659" /><testcase classname="tests.test_traffic_analytics.TestTrafficEventsEndpoint" name="test_post_event_demo_mode_tagging" time="0.205" /><testcase classname="tests.test_traffic_analytics.TestTrafficSummaryEndpoint" name="test_summary_with_valid_admin_key" time="0.110" /><testcase classname="tests.test_traffic_analytics.TestTrafficSummaryEndpoint" name="test_summary_with_wrong_admin_key" time="0.099" /><testcase classname="tests.test_traffic_analytics.TestTrafficSummaryEndpoint" name="test_summary_different_ranges" time="0.332" /><testcase classname="tests.test_traffic_analytics.TestTrafficTimeseriesEndpoint" name="test_timeseries_with_valid_admin_key" time="0.109" /><testcase classname="tests.test_traffic_analytics.TestTrafficTimeseriesEndpoint" name="test_timeseries_with_wrong_admin_key" time="0.102" /><testcase classname="tests.test_traffic_analytics.TestTrafficEventsListEndpoint" name="test_events_with_valid_admin_key" time="0.102" /><testcase classname="tests.test_traffic_analytics.TestTrafficEventsListEndpoint" name="test_events_with_type_filter" time="0.213" /><testcase classname="tests.test_traffic_analytics.TestTrafficEventsListEndpoint" name="test_events_with_wrong_admin_key" time="0.110" /><testcase classname="tests.test_traffic_analytics.TestTrafficEventsListEndpoint" name="test_events_pagination" time="0.205" /></testsuite></testsuites>