<?xml version="1.0" encoding="utf-8"?><testsuites name="pytest tests"><testsuite name="pytest" errors="0" failures="0" skipped="0" tests="10" time="31.042" timestamp="2026-03-31T17:30:29.298308+00:00" hostname="agent-env-d83fb23d-8a2c-4a16-b26d-665d377aab24"><testcase classname="backend.tests.test_user_stats_api.TestUserStatsEndpoint" name="test_user_stats_returns_200_with_admin_key" time="29.038" /><testcase classname="backend.tests.test_user_stats_api.TestUserStatsEndpoint" name="test_user_stats_returns_403_without_admin_key" time="0.147" /><testcase classname="backend.tests.test_user_stats_api.TestUserStatsEndpoint" name="test_user_stats_returns_403_with_invalid_admin_key" time="0.147" /><testcase classname="backend.tests.test_user_stats_api.TestUserStatsEndpoint" name="test_user_stats_response_has_success_field" time="0.173" /><testcase classname="backend.tests.test_user_stats_api.TestUserStatsEndpoint" name="test_user_stats_response_has_total_users" time="0.114" /><testcase classname="backend.tests.test_user_stats_api.TestUserStatsEndpoint" name="test_user_stats_response_has_new_users_7d" time="0.115" /><testcase classname="backend.tests.test_user_stats_api.TestUserStatsEndpoint" name="test_user_stats_response_has_active_users_24h" time="0.172" /><testcase classname="backend.tests.test_user_stats_api.TestUserStatsEndpoint" name="test_user_stats_total_users_is_positive" time="0.119" /><testcase classname="backend.tests.test_user_stats_api.TestUserStatsEndpoint" name="test_user_stats_cache_returns_same_data" time="0.826" /><testcase classname="backend.tests.test_user_stats_api.TestUserStatsEndpoint" name="test_user_stats_complete_response_structure" time="0.133" /></testsuite></testsuites>