<?xml version="1.0" encoding="utf-8"?><testsuites name="pytest tests"><testsuite name="pytest" errors="0" failures="2" skipped="0" tests="12" time="32.723" timestamp="2026-03-30T18:24:00.945948+00:00" hostname="agent-env-d83fb23d-8a2c-4a16-b26d-665d377aab24"><testcase classname="backend.tests.test_waitlist.TestWaitlistPublicEndpoint" name="test_waitlist_valid_email_returns_success" time="29.228" /><testcase classname="backend.tests.test_waitlist.TestWaitlistPublicEndpoint" name="test_waitlist_with_optional_note" time="0.165" /><testcase classname="backend.tests.test_waitlist.TestWaitlistPublicEndpoint" name="test_waitlist_invalid_email_returns_422" time="0.651" /><testcase classname="backend.tests.test_waitlist.TestWaitlistPublicEndpoint" name="test_waitlist_idempotent_duplicate_email" time="0.699"><failure message="AssertionError: Expected 200 for duplicate, got 429&#10;assert 429 == 200&#10; +  where 429 = &lt;Response [429]&gt;.status_code">backend/tests/test_waitlist.py:75: in test_waitlist_idempotent_duplicate_email
    assert response2.status_code == 200, f"Expected 200 for duplicate, got {response2.status_code}"
E   AssertionError: Expected 200 for duplicate, got 429
E   assert 429 == 200
E    +  where 429 = &lt;Response [429]&gt;.status_code</failure></testcase><testcase classname="backend.tests.test_waitlist.TestWaitlistPublicEndpoint" name="test_waitlist_email_case_insensitive" time="0.153"><failure message="assert 429 == 200&#10; +  where 429 = &lt;Response [429]&gt;.status_code">backend/tests/test_waitlist.py:88: in test_waitlist_email_case_insensitive
    assert response1.status_code == 200
E   assert 429 == 200
E    +  where 429 = &lt;Response [429]&gt;.status_code</failure></testcase><testcase classname="backend.tests.test_waitlist.TestWaitlistRateLimiting" name="test_waitlist_rate_limit_4th_request_returns_429" time="0.612" /><testcase classname="backend.tests.test_waitlist.TestWaitlistAdminEndpoint" name="test_admin_waitlist_returns_entries" time="0.115" /><testcase classname="backend.tests.test_waitlist.TestWaitlistAdminEndpoint" name="test_admin_waitlist_entries_have_required_fields" time="0.236" /><testcase classname="backend.tests.test_waitlist.TestWaitlistAdminEndpoint" name="test_admin_waitlist_sorted_newest_first" time="0.123" /><testcase classname="backend.tests.test_waitlist.TestWaitlistAdminEndpoint" name="test_admin_waitlist_requires_admin_key" time="0.337" /><testcase classname="backend.tests.test_waitlist.TestWaitlistAdminEndpoint" name="test_admin_waitlist_excludes_ip_field" time="0.166" /><testcase classname="backend.tests.test_waitlist.TestBetaSpotsIntegration" name="test_beta_spots_endpoint_works" time="0.144" /></testsuite></testsuites>