<?xml version="1.0" encoding="utf-8"?><testsuites name="pytest tests"><testsuite name="pytest" errors="0" failures="19" skipped="0" tests="19" time="1014.677" timestamp="2026-04-05T08:15:53.171284+00:00" hostname="agent-env-c0967625-3248-4568-9338-edd4e27c0540"><testcase classname="backend.tests.test_waitlist_automation.TestWaitlistEndpoint" name="test_waitlist_signup_new_email" time="60.176"><failure message="AssertionError: Expected 200, got 502: The preview environment is not responding. It may be starting up.&#10;  &#10;assert 502 == 200&#10; +  where 502 = &lt;Response [502]&gt;.status_code">backend/tests/test_waitlist_automation.py:32: in test_waitlist_signup_new_email
    assert response.status_code == 200, f"Expected 200, got {response.status_code}: {response.text}"
E   AssertionError: Expected 200, got 502: The preview environment is not responding. It may be starting up.
E     
E   assert 502 == 200
E    +  where 502 = &lt;Response [502]&gt;.status_code</failure></testcase><testcase classname="backend.tests.test_waitlist_automation.TestWaitlistEndpoint" name="test_waitlist_signup_duplicate_email" time="120.418"><failure message="AssertionError: Expected 200, got 502&#10;assert 502 == 200&#10; +  where 502 = &lt;Response [502]&gt;.status_code">backend/tests/test_waitlist_automation.py:67: in test_waitlist_signup_duplicate_email
    assert response2.status_code == 200, f"Expected 200, got {response2.status_code}"
E   AssertionError: Expected 200, got 502
E   assert 502 == 200
E    +  where 502 = &lt;Response [502]&gt;.status_code</failure></testcase><testcase classname="backend.tests.test_waitlist_automation.TestWaitlistEndpoint" name="test_waitlist_signup_invalid_email" time="60.208"><failure message="AssertionError: Expected 422 for invalid email, got 502&#10;assert 502 == 422&#10; +  where 502 = &lt;Response [502]&gt;.status_code">backend/tests/test_waitlist_automation.py:83: in test_waitlist_signup_invalid_email
    assert response.status_code == 422, f"Expected 422 for invalid email, got {response.status_code}"
E   AssertionError: Expected 422 for invalid email, got 502
E   assert 502 == 422
E    +  where 502 = &lt;Response [502]&gt;.status_code</failure></testcase><testcase classname="backend.tests.test_waitlist_automation.TestWaitlistEndpoint" name="test_waitlist_signup_missing_email" time="60.205"><failure message="AssertionError: Expected 422 for missing email, got 502&#10;assert 502 == 422&#10; +  where 502 = &lt;Response [502]&gt;.status_code">backend/tests/test_waitlist_automation.py:93: in test_waitlist_signup_missing_email
    assert response.status_code == 422, f"Expected 422 for missing email, got {response.status_code}"
E   AssertionError: Expected 422 for missing email, got 502
E   assert 502 == 422
E    +  where 502 = &lt;Response [502]&gt;.status_code</failure></testcase><testcase classname="backend.tests.test_waitlist_automation.TestWaitlistEmailJobs" name="test_email_jobs_created_on_signup" time="60.244"><failure message="assert 502 == 200&#10; +  where 502 = &lt;Response [502]&gt;.status_code">backend/tests/test_waitlist_automation.py:110: in test_email_jobs_created_on_signup
    assert response.status_code == 200
E   assert 502 == 200
E    +  where 502 = &lt;Response [502]&gt;.status_code</failure></testcase><testcase classname="backend.tests.test_waitlist_automation.TestWaitlistEmailJobs" name="test_email_step1_sent_immediately" time="63.229"><failure message="assert 502 == 200&#10; +  where 502 = &lt;Response [502]&gt;.status_code">backend/tests/test_waitlist_automation.py:152: in test_email_step1_sent_immediately
    assert analytics_response.status_code == 200
E   assert 502 == 200
E    +  where 502 = &lt;Response [502]&gt;.status_code</failure></testcase><testcase classname="backend.tests.test_waitlist_automation.TestWaitlistEmailJobs" name="test_email_steps_2_3_pending" time="60.189"><failure message="assert 502 == 200&#10; +  where 502 = &lt;Response [502]&gt;.status_code">backend/tests/test_waitlist_automation.py:171: in test_email_steps_2_3_pending
    assert analytics_response.status_code == 200
E   assert 502 == 200
E    +  where 502 = &lt;Response [502]&gt;.status_code</failure></testcase><testcase classname="backend.tests.test_waitlist_automation.TestWaitlistAdminAnalytics" name="test_admin_analytics_requires_admin_key" time="60.235"><failure message="AssertionError: Should require admin_key parameter&#10;assert 502 == 422&#10; +  where 502 = &lt;Response [502]&gt;.status_code">backend/tests/test_waitlist_automation.py:191: in test_admin_analytics_requires_admin_key
    assert response.status_code == 422, "Should require admin_key parameter"
E   AssertionError: Should require admin_key parameter
E   assert 502 == 422
E    +  where 502 = &lt;Response [502]&gt;.status_code</failure></testcase><testcase classname="backend.tests.test_waitlist_automation.TestWaitlistAdminAnalytics" name="test_admin_analytics_returns_funnel_data" time="60.189"><failure message="assert 502 == 200&#10; +  where 502 = &lt;Response [502]&gt;.status_code">backend/tests/test_waitlist_automation.py:209: in test_admin_analytics_returns_funnel_data
    assert response.status_code == 200
E   assert 502 == 200
E    +  where 502 = &lt;Response [502]&gt;.status_code</failure></testcase><testcase classname="backend.tests.test_waitlist_automation.TestWaitlistAdminAnalytics" name="test_admin_analytics_returns_rates" time="60.212"><failure message="assert 502 == 200&#10; +  where 502 = &lt;Response [502]&gt;.status_code">backend/tests/test_waitlist_automation.py:229: in test_admin_analytics_returns_rates
    assert response.status_code == 200
E   assert 502 == 200
E    +  where 502 = &lt;Response [502]&gt;.status_code</failure></testcase><testcase classname="backend.tests.test_waitlist_automation.TestWaitlistAdminAnalytics" name="test_admin_analytics_returns_email_stats" time="60.238"><failure message="assert 502 == 200&#10; +  where 502 = &lt;Response [502]&gt;.status_code">backend/tests/test_waitlist_automation.py:246: in test_admin_analytics_returns_email_stats
    assert response.status_code == 200
E   assert 502 == 200
E    +  where 502 = &lt;Response [502]&gt;.status_code</failure></testcase><testcase classname="backend.tests.test_waitlist_automation.TestWaitlistAdminAnalytics" name="test_admin_analytics_returns_per_step_breakdown" time="60.197"><failure message="assert 502 == 200&#10; +  where 502 = &lt;Response [502]&gt;.status_code">backend/tests/test_waitlist_automation.py:266: in test_admin_analytics_returns_per_step_breakdown
    assert response.status_code == 200
E   assert 502 == 200
E    +  where 502 = &lt;Response [502]&gt;.status_code</failure></testcase><testcase classname="backend.tests.test_waitlist_automation.TestWaitlistUnsubscribe" name="test_unsubscribe_updates_status" time="60.203"><failure message="assert 502 == 200&#10; +  where 502 = &lt;Response [502]&gt;.status_code">backend/tests/test_waitlist_automation.py:298: in test_unsubscribe_updates_status
    assert signup_response.status_code == 200
E   assert 502 == 200
E    +  where 502 = &lt;Response [502]&gt;.status_code</failure></testcase><testcase classname="backend.tests.test_waitlist_automation.TestWaitlistUnsubscribe" name="test_unsubscribe_requires_email" time="60.193"><failure message="AssertionError: Should require email parameter&#10;assert 502 == 422&#10; +  where 502 = &lt;Response [502]&gt;.status_code">backend/tests/test_waitlist_automation.py:319: in test_unsubscribe_requires_email
    assert response.status_code == 422, "Should require email parameter"
E   AssertionError: Should require email parameter
E   assert 502 == 422
E    +  where 502 = &lt;Response [502]&gt;.status_code</failure></testcase><testcase classname="backend.tests.test_waitlist_automation.TestWaitlistUnsubscribe" name="test_unsubscribe_nonexistent_email" time="60.205"><failure message="assert 502 == 200&#10; +  where 502 = &lt;Response [502]&gt;.status_code">backend/tests/test_waitlist_automation.py:329: in test_unsubscribe_nonexistent_email
    assert response.status_code == 200
E   assert 502 == 200
E    +  where 502 = &lt;Response [502]&gt;.status_code</failure></testcase><testcase classname="backend.tests.test_waitlist_automation.TestRegressionEndpoints" name="test_health_endpoint" time="47.780"><failure message="assert 502 == 200&#10; +  where 502 = &lt;Response [502]&gt;.status_code">backend/tests/test_waitlist_automation.py:339: in test_health_endpoint
    assert response.status_code == 200
E   assert 502 == 200
E    +  where 502 = &lt;Response [502]&gt;.status_code</failure></testcase><testcase classname="backend.tests.test_waitlist_automation.TestRegressionEndpoints" name="test_marketplace_leaderboard" time="0.142"><failure message="assert 502 == 200&#10; +  where 502 = &lt;Response [502]&gt;.status_code">backend/tests/test_waitlist_automation.py:347: in test_marketplace_leaderboard
    assert response.status_code == 200
E   assert 502 == 200
E    +  where 502 = &lt;Response [502]&gt;.status_code</failure></testcase><testcase classname="backend.tests.test_waitlist_automation.TestRegressionEndpoints" name="test_marketplace_featured" time="0.100"><failure message="assert 502 == 200&#10; +  where 502 = &lt;Response [502]&gt;.status_code">backend/tests/test_waitlist_automation.py:355: in test_marketplace_featured
    assert response.status_code == 200
E   assert 502 == 200
E    +  where 502 = &lt;Response [502]&gt;.status_code</failure></testcase><testcase classname="backend.tests.test_waitlist_automation.TestRegressionEndpoints" name="test_login_works" time="0.121"><failure message="AssertionError: Login failed: The preview environment is not responding. It may be starting up.&#10;  &#10;assert 502 == 200&#10; +  where 502 = &lt;Response [502]&gt;.status_code">backend/tests/test_waitlist_automation.py:367: in test_login_works
    assert response.status_code == 200, f"Login failed: {response.text}"
E   AssertionError: Login failed: The preview environment is not responding. It may be starting up.
E     
E   assert 502 == 200
E    +  where 502 = &lt;Response [502]&gt;.status_code</failure></testcase></testsuite></testsuites>