<?xml version="1.0" encoding="utf-8"?><testsuites name="pytest tests"><testsuite name="pytest" errors="0" failures="0" skipped="0" tests="9" time="31.720" timestamp="2026-03-29T16:33:27.950090+00:00" hostname="agent-env-f9d8aa93-05dc-4290-b91a-1df24005e329"><testcase classname="tests.test_websocket_reconnect.TestWebSocketAlerts" name="test_alerts_status_endpoint" time="9.880" /><testcase classname="tests.test_websocket_reconnect.TestWebSocketAlerts" name="test_alerts_test_endpoint" time="19.724" /><testcase classname="tests.test_websocket_reconnect.TestWebSocketAlerts" name="test_health_check" time="0.251" /><testcase classname="tests.test_websocket_reconnect.TestDemoMode" name="test_demo_bootstrap" time="0.101" /><testcase classname="tests.test_websocket_reconnect.TestDemoMode" name="test_demo_leaderboard" time="0.102" /><testcase classname="tests.test_websocket_reconnect.TestAuthenticatedEndpoints" name="test_pro_user_login" time="0.361" /><testcase classname="tests.test_websocket_reconnect.TestAuthenticatedEndpoints" name="test_free_user_login" time="0.347" /><testcase classname="tests.test_websocket_reconnect.TestAuthenticatedEndpoints" name="test_pro_user_profile" time="0.454" /><testcase classname="tests.test_websocket_reconnect.TestAuthenticatedEndpoints" name="test_free_user_profile" time="0.443" /></testsuite></testsuites>