<?xml version="1.0" encoding="utf-8"?><testsuites name="pytest tests"><testsuite name="pytest" errors="0" failures="0" skipped="0" tests="8" time="46.452" timestamp="2026-03-29T12:13:40.020065+00:00" hostname="agent-env-044a6354-87b5-444f-b126-cad4f300f93b"><testcase classname="backend.tests.test_websocket_alerts.TestAlertsRESTEndpoints" name="test_alerts_status_returns_connection_stats" time="17.532" /><testcase classname="backend.tests.test_websocket_alerts.TestAlertsRESTEndpoints" name="test_alerts_test_broadcasts_alert" time="9.726" /><testcase classname="backend.tests.test_websocket_alerts.TestWebSocketDemoMode" name="test_demo_websocket_connects_and_receives_connected_event" time="0.206" /><testcase classname="backend.tests.test_websocket_alerts.TestWebSocketDemoMode" name="test_demo_websocket_streams_mock_alerts" time="18.160" /><testcase classname="backend.tests.test_websocket_alerts.TestWebSocketFreeUser" name="test_free_user_websocket_sends_upgrade_required_and_closes" time="0.221" /><testcase classname="backend.tests.test_websocket_alerts.TestWebSocketProUser" name="test_pro_user_websocket_connects_successfully" time="0.193" /><testcase classname="backend.tests.test_websocket_alerts.TestWebSocketProUser" name="test_elite_user_websocket_connects_successfully" time="0.180" /><testcase classname="backend.tests.test_websocket_alerts.TestWebSocketInvalidFormat" name="test_invalid_client_id_format_closes_connection" time="0.166" /></testsuite></testsuites>