<?xml version="1.0" encoding="utf-8"?><testsuites name="pytest tests"><testsuite name="pytest" errors="0" failures="0" skipped="1" tests="20" time="34.120" timestamp="2026-04-05T10:15:44.590586+00:00" hostname="agent-env-bccc1159-02a7-45e6-a45e-5081071465c8"><testcase classname="backend.tests.test_weekly_digest.TestHealthAndBasicEndpoints" name="test_health_endpoint" time="18.646" /><testcase classname="backend.tests.test_weekly_digest.TestHealthAndBasicEndpoints" name="test_auth_login_admin" time="13.789" /><testcase classname="backend.tests.test_weekly_digest.TestHealthAndBasicEndpoints" name="test_auth_login_pro_user" time="0.285" /><testcase classname="backend.tests.test_weekly_digest.TestDigestUnsubscribe" name="test_unsubscribe_valid_email" time="0.047" /><testcase classname="backend.tests.test_weekly_digest.TestDigestUnsubscribe" name="test_resubscribe_valid_email" time="0.045" /><testcase classname="backend.tests.test_weekly_digest.TestDigestUnsubscribe" name="test_unsubscribe_admin_user" time="0.049" /><testcase classname="backend.tests.test_weekly_digest.TestDigestAdminAnalytics" name="test_admin_analytics_valid_key" time="0.050" /><testcase classname="backend.tests.test_weekly_digest.TestDigestAdminAnalytics" name="test_admin_analytics_invalid_key" time="0.044" /><testcase classname="backend.tests.test_weekly_digest.TestDigestAdminAnalytics" name="test_admin_analytics_missing_key" time="0.046" /><testcase classname="backend.tests.test_weekly_digest.TestDigestAdminAnalytics" name="test_admin_analytics_shows_previous_sends" time="0.050" /><testcase classname="backend.tests.test_weekly_digest.TestDigestAdminTrigger" name="test_admin_trigger_invalid_key" time="0.045" /><testcase classname="backend.tests.test_weekly_digest.TestDigestAdminTrigger" name="test_admin_trigger_missing_key" time="0.048" /><testcase classname="backend.tests.test_weekly_digest.TestDigestAdminTrigger" name="test_admin_trigger_valid_key" time="0.000"><skipped type="pytest.skip" message="Skipping to avoid sending 84+ real emails - trigger already verified in previous runs">/app/backend/tests/test_weekly_digest.py:205: Skipping to avoid sending 84+ real emails - trigger already verified in previous runs</skipped></testcase><testcase classname="backend.tests.test_weekly_digest.TestNoRegressions" name="test_marketplace_leaderboard" time="0.046" /><testcase classname="backend.tests.test_weekly_digest.TestNoRegressions" name="test_waitlist_admin_analytics" time="0.054" /><testcase classname="backend.tests.test_weekly_digest.TestNoRegressions" name="test_billing_overview" time="0.337" /><testcase classname="backend.tests.test_weekly_digest.TestNoRegressions" name="test_invoices_list" time="0.048" /><testcase classname="backend.tests.test_weekly_digest.TestNoRegressions" name="test_referrals_admin_summary" time="0.050" /><testcase classname="backend.tests.test_weekly_digest.TestDigestDataIntegrity" name="test_unsubscribe_creates_preference_record" time="0.132" /><testcase classname="backend.tests.test_weekly_digest.TestDigestDataIntegrity" name="test_resubscribe_updates_preference_record" time="0.227" /></testsuite></testsuites>